{"C:\\Users\\fatah\\OneDrive\\Desktop\\Backend\\app.js": {"path":"C:\\Users\\fatah\\OneDrive\\Desktop\\Backend\\app.js","statementMap":{"0":{"start":{"line":2,"column":0},"end":{"line":4,"column":1}},"1":{"start":{"line":3,"column":2},"end":{"line":3,"column":29}},"2":{"start":{"line":6,"column":16},"end":{"line":6,"column":34}},"3":{"start":{"line":7,"column":15},"end":{"line":7,"column":34}},"4":{"start":{"line":8,"column":21},"end":{"line":8,"column":58}},"5":{"start":{"line":9,"column":12},"end":{"line":9,"column":21}},"6":{"start":{"line":10,"column":13},"end":{"line":10,"column":37}},"7":{"start":{"line":11,"column":13},"end":{"line":11,"column":28}},"8":{"start":{"line":13,"column":0},"end":{"line":13,"column":49}},"9":{"start":{"line":14,"column":0},"end":{"line":14,"column":24}},"10":{"start":{"line":15,"column":0},"end":{"line":15,"column":16}},"11":{"start":{"line":16,"column":0},"end":{"line":16,"column":16}},"12":{"start":{"line":17,"column":0},"end":{"line":17,"column":22}},"13":{"start":{"line":23,"column":0},"end":{"line":23,"column":21}}},"fnMap":{},"branchMap":{"0":{"loc":{"start":{"line":2,"column":0},"end":{"line":4,"column":1}},"type":"if","locations":[{"start":{"line":2,"column":0},"end":{"line":4,"column":1}},{"start":{},"end":{}}],"line":2},"1":{"loc":{"start":{"line":10,"column":13},"end":{"line":10,"column":37}},"type":"binary-expr","locations":[{"start":{"line":10,"column":13},"end":{"line":10,"column":29}},{"start":{"line":10,"column":33},"end":{"line":10,"column":37}}],"line":10}},"s":{"0":2,"1":2,"2":2,"3":2,"4":2,"5":2,"6":2,"7":2,"8":2,"9":2,"10":2,"11":2,"12":2,"13":2},"f":{},"b":{"0":[2,0],"1":[2,2]},"_coverageSchema":"1a1c01bbd47fc00a2c39e90264f33305004495a9","hash":"85bb00ae0a8bab3fbe74c1949dd36c9300f52de8"}
,"C:\\Users\\fatah\\OneDrive\\Desktop\\Backend\\config\\redis.js": {"path":"C:\\Users\\fatah\\OneDrive\\Desktop\\Backend\\config\\redis.js","statementMap":{"0":{"start":{"line":1,"column":14},"end":{"line":1,"column":32}},"1":{"start":{"line":3,"column":12},"end":{"line":3,"column":126}},"2":{"start":{"line":4,"column":14},"end":{"line":4,"column":29}},"3":{"start":{"line":6,"column":0},"end":{"line":6,"column":22}}},"fnMap":{},"branchMap":{},"s":{"0":2,"1":2,"2":2,"3":2},"f":{},"b":{},"_coverageSchema":"1a1c01bbd47fc00a2c39e90264f33305004495a9","hash":"24f03f67ae064a4b7df31f9dec58ad3339e2093c"}
,"C:\\Users\\fatah\\OneDrive\\Desktop\\Backend\\controllers\\controller.js": {"path":"C:\\Users\\fatah\\OneDrive\\Desktop\\Backend\\controllers\\controller.js","statementMap":{"0":{"start":{"line":1,"column":28},"end":{"line":1,"column":58}},"1":{"start":{"line":2,"column":40},"end":{"line":2,"column":65}},"2":{"start":{"line":12,"column":4},"end":{"line":12,"column":24}},"3":{"start":{"line":13,"column":15},"end":{"line":13,"column":35}},"4":{"start":{"line":14,"column":14},"end":{"line":14,"column":40}},"5":{"start":{"line":15,"column":23},"end":{"line":15,"column":49}},"6":{"start":{"line":16,"column":28},"end":{"line":16,"column":60}},"7":{"start":{"line":17,"column":14},"end":{"line":17,"column":30}},"8":{"start":{"line":21,"column":4},"end":{"line":39,"column":5}},"9":{"start":{"line":22,"column":65},"end":{"line":22,"column":73}},"10":{"start":{"line":23,"column":23},"end":{"line":29,"column":8}},"11":{"start":{"line":30,"column":17},"end":{"line":34,"column":7}},"12":{"start":{"line":35,"column":6},"end":{"line":35,"column":33}},"13":{"start":{"line":37,"column":6},"end":{"line":37,"column":49}},"14":{"start":{"line":38,"column":6},"end":{"line":38,"column":16}},"15":{"start":{"line":43,"column":4},"end":{"line":77,"column":5}},"16":{"start":{"line":44,"column":32},"end":{"line":44,"column":40}},"17":{"start":{"line":45,"column":6},"end":{"line":47,"column":7}},"18":{"start":{"line":46,"column":8},"end":{"line":46,"column":67}},"19":{"start":{"line":48,"column":6},"end":{"line":50,"column":7}},"20":{"start":{"line":49,"column":8},"end":{"line":49,"column":70}},"21":{"start":{"line":52,"column":23},"end":{"line":55,"column":8}},"22":{"start":{"line":57,"column":6},"end":{"line":59,"column":7}},"23":{"start":{"line":58,"column":8},"end":{"line":58,"column":38}},"24":{"start":{"line":61,"column":28},"end":{"line":61,"column":72}},"25":{"start":{"line":62,"column":6},"end":{"line":64,"column":7}},"26":{"start":{"line":63,"column":8},"end":{"line":63,"column":38}},"27":{"start":{"line":65,"column":22},"end":{"line":67,"column":7}},"28":{"start":{"line":68,"column":27},"end":{"line":68,"column":47}},"29":{"start":{"line":70,"column":6},"end":{"line":73,"column":9}},"30":{"start":{"line":76,"column":6},"end":{"line":76,"column":16}},"31":{"start":{"line":81,"column":4},"end":{"line":90,"column":5}},"32":{"start":{"line":82,"column":24},"end":{"line":84,"column":8}},"33":{"start":{"line":86,"column":6},"end":{"line":86,"column":38}},"34":{"start":{"line":89,"column":6},"end":{"line":89,"column":16}},"35":{"start":{"line":94,"column":4},"end":{"line":110,"column":5}},"36":{"start":{"line":95,"column":30},"end":{"line":95,"column":63}},"37":{"start":{"line":97,"column":6},"end":{"line":100,"column":7}},"38":{"start":{"line":98,"column":21},"end":{"line":98,"column":48}},"39":{"start":{"line":99,"column":8},"end":{"line":99,"column":42}},"40":{"start":{"line":101,"column":25},"end":{"line":101,"column":49}},"41":{"start":{"line":103,"column":31},"end":{"line":103,"column":57}},"42":{"start":{"line":104,"column":6},"end":{"line":104,"column":58}},"43":{"start":{"line":106,"column":6},"end":{"line":106,"column":39}},"44":{"start":{"line":109,"column":6},"end":{"line":109,"column":18}},"45":{"start":{"line":114,"column":4},"end":{"line":130,"column":5}},"46":{"start":{"line":115,"column":23},"end":{"line":115,"column":31}},"47":{"start":{"line":117,"column":26},"end":{"line":119,"column":8}},"48":{"start":{"line":121,"column":6},"end":{"line":121,"column":40}},"49":{"start":{"line":123,"column":6},"end":{"line":126,"column":9}},"50":{"start":{"line":129,"column":6},"end":{"line":129,"column":18}},"51":{"start":{"line":134,"column":4},"end":{"line":160,"column":5}},"52":{"start":{"line":135,"column":31},"end":{"line":135,"column":40}},"53":{"start":{"line":137,"column":6},"end":{"line":137,"column":28}},"54":{"start":{"line":139,"column":16},"end":{"line":147,"column":7}},"55":{"start":{"line":149,"column":6},"end":{"line":152,"column":7}},"56":{"start":{"line":150,"column":8},"end":{"line":150,"column":38}},"57":{"start":{"line":151,"column":8},"end":{"line":151,"column":33}},"58":{"start":{"line":154,"column":22},"end":{"line":154,"column":47}},"59":{"start":{"line":156,"column":6},"end":{"line":156,"column":36}},"60":{"start":{"line":159,"column":6},"end":{"line":159,"column":18}},"61":{"start":{"line":164,"column":4},"end":{"line":183,"column":5}},"62":{"start":{"line":165,"column":21},"end":{"line":165,"column":31}},"63":{"start":{"line":167,"column":21},"end":{"line":173,"column":8}},"64":{"start":{"line":175,"column":6},"end":{"line":177,"column":7}},"65":{"start":{"line":176,"column":8},"end":{"line":176,"column":65}},"66":{"start":{"line":179,"column":6},"end":{"line":179,"column":35}},"67":{"start":{"line":182,"column":6},"end":{"line":182,"column":18}},"68":{"start":{"line":283,"column":4},"end":{"line":300,"column":5}},"69":{"start":{"line":284,"column":45},"end":{"line":284,"column":53}},"70":{"start":{"line":285,"column":27},"end":{"line":289,"column":8}},"71":{"start":{"line":290,"column":17},"end":{"line":294,"column":7}},"72":{"start":{"line":295,"column":6},"end":{"line":295,"column":42}},"73":{"start":{"line":296,"column":6},"end":{"line":296,"column":33}},"74":{"start":{"line":299,"column":6},"end":{"line":299,"column":16}},"75":{"start":{"line":304,"column":4},"end":{"line":322,"column":5}},"76":{"start":{"line":305,"column":33},"end":{"line":305,"column":68}},"77":{"start":{"line":307,"column":6},"end":{"line":310,"column":7}},"78":{"start":{"line":308,"column":21},"end":{"line":308,"column":51}},"79":{"start":{"line":309,"column":8},"end":{"line":309,"column":42}},"80":{"start":{"line":311,"column":28},"end":{"line":313,"column":8}},"81":{"start":{"line":315,"column":34},"end":{"line":315,"column":63}},"82":{"start":{"line":316,"column":6},"end":{"line":316,"column":64}},"83":{"start":{"line":318,"column":6},"end":{"line":318,"column":42}},"84":{"start":{"line":321,"column":6},"end":{"line":321,"column":16}},"85":{"start":{"line":395,"column":4},"end":{"line":406,"column":5}},"86":{"start":{"line":396,"column":21},"end":{"line":400,"column":8}},"87":{"start":{"line":402,"column":6},"end":{"line":402,"column":35}},"88":{"start":{"line":405,"column":6},"end":{"line":405,"column":16}},"89":{"start":{"line":410,"column":4},"end":{"line":553,"column":5}},"90":{"start":{"line":411,"column":21},"end":{"line":411,"column":29}},"91":{"start":{"line":424,"column":6},"end":{"line":426,"column":7}},"92":{"start":{"line":425,"column":8},"end":{"line":425,"column":67}},"93":{"start":{"line":427,"column":6},"end":{"line":429,"column":7}},"94":{"start":{"line":428,"column":8},"end":{"line":428,"column":67}},"95":{"start":{"line":431,"column":19},"end":{"line":438,"column":17}},"96":{"start":{"line":439,"column":22},"end":{"line":439,"column":76}},"97":{"start":{"line":440,"column":30},"end":{"line":440,"column":32}},"98":{"start":{"line":441,"column":22},"end":{"line":441,"column":24}},"99":{"start":{"line":442,"column":6},"end":{"line":463,"column":9}},"100":{"start":{"line":443,"column":8},"end":{"line":445,"column":9}},"101":{"start":{"line":444,"column":10},"end":{"line":444,"column":69}},"102":{"start":{"line":446,"column":8},"end":{"line":448,"column":9}},"103":{"start":{"line":447,"column":10},"end":{"line":447,"column":72}},"104":{"start":{"line":449,"column":8},"end":{"line":451,"column":9}},"105":{"start":{"line":450,"column":10},"end":{"line":450,"column":76}},"106":{"start":{"line":452,"column":8},"end":{"line":457,"column":11}},"107":{"start":{"line":458,"column":8},"end":{"line":458,"column":36}},"108":{"start":{"line":459,"column":8},"end":{"line":459,"column":27}},"109":{"start":{"line":460,"column":8},"end":{"line":460,"column":29}},"110":{"start":{"line":461,"column":8},"end":{"line":461,"column":49}},"111":{"start":{"line":462,"column":8},"end":{"line":462,"column":18}},"112":{"start":{"line":465,"column":26},"end":{"line":470,"column":8}},"113":{"start":{"line":472,"column":6},"end":{"line":479,"column":9}},"114":{"start":{"line":473,"column":8},"end":{"line":478,"column":9}},"115":{"start":{"line":474,"column":10},"end":{"line":477,"column":12}},"116":{"start":{"line":481,"column":6},"end":{"line":488,"column":9}},"117":{"start":{"line":482,"column":8},"end":{"line":487,"column":9}},"118":{"start":{"line":483,"column":10},"end":{"line":486,"column":12}},"119":{"start":{"line":490,"column":23},"end":{"line":495,"column":8}},"120":{"start":{"line":497,"column":6},"end":{"line":497,"column":41}},"121":{"start":{"line":498,"column":27},"end":{"line":507,"column":8}},"122":{"start":{"line":509,"column":27},"end":{"line":509,"column":29}},"123":{"start":{"line":510,"column":23},"end":{"line":510,"column":24}},"124":{"start":{"line":511,"column":6},"end":{"line":514,"column":9}},"125":{"start":{"line":512,"column":8},"end":{"line":512,"column":46}},"126":{"start":{"line":513,"column":8},"end":{"line":513,"column":60}},"127":{"start":{"line":516,"column":6},"end":{"line":523,"column":9}},"128":{"start":{"line":517,"column":8},"end":{"line":521,"column":11}},"129":{"start":{"line":518,"column":10},"end":{"line":520,"column":11}},"130":{"start":{"line":519,"column":12},"end":{"line":519,"column":33}},"131":{"start":{"line":522,"column":8},"end":{"line":522,"column":18}},"132":{"start":{"line":524,"column":6},"end":{"line":524,"column":64}},"133":{"start":{"line":526,"column":6},"end":{"line":531,"column":8}},"134":{"start":{"line":533,"column":27},"end":{"line":535,"column":8}},"135":{"start":{"line":537,"column":6},"end":{"line":544,"column":8}},"136":{"start":{"line":546,"column":6},"end":{"line":549,"column":9}},"137":{"start":{"line":551,"column":6},"end":{"line":551,"column":48}},"138":{"start":{"line":552,"column":6},"end":{"line":552,"column":18}},"139":{"start":{"line":557,"column":4},"end":{"line":590,"column":5}},"140":{"start":{"line":558,"column":22},"end":{"line":558,"column":35}},"141":{"start":{"line":559,"column":20},"end":{"line":564,"column":8}},"142":{"start":{"line":566,"column":6},"end":{"line":568,"column":7}},"143":{"start":{"line":567,"column":8},"end":{"line":567,"column":64}},"144":{"start":{"line":570,"column":27},"end":{"line":574,"column":8}},"145":{"start":{"line":576,"column":24},"end":{"line":578,"column":8}},"146":{"start":{"line":577,"column":8},"end":{"line":577,"column":27}},"147":{"start":{"line":580,"column":6},"end":{"line":580,"column":54}},"148":{"start":{"line":582,"column":6},"end":{"line":582,"column":77}},"149":{"start":{"line":584,"column":6},"end":{"line":586,"column":9}},"150":{"start":{"line":589,"column":6},"end":{"line":589,"column":18}},"151":{"start":{"line":594,"column":4},"end":{"line":653,"column":5}},"152":{"start":{"line":595,"column":21},"end":{"line":595,"column":31}},"153":{"start":{"line":596,"column":20},"end":{"line":602,"column":8}},"154":{"start":{"line":603,"column":6},"end":{"line":605,"column":7}},"155":{"start":{"line":604,"column":8},"end":{"line":604,"column":64}},"156":{"start":{"line":607,"column":22},"end":{"line":607,"column":46}},"157":{"start":{"line":608,"column":25},"end":{"line":623,"column":8}},"158":{"start":{"line":625,"column":27},"end":{"line":625,"column":29}},"159":{"start":{"line":626,"column":6},"end":{"line":632,"column":9}},"160":{"start":{"line":627,"column":8},"end":{"line":629,"column":11}},"161":{"start":{"line":628,"column":10},"end":{"line":628,"column":44}},"162":{"start":{"line":630,"column":8},"end":{"line":630,"column":44}},"163":{"start":{"line":631,"column":8},"end":{"line":631,"column":18}},"164":{"start":{"line":634,"column":6},"end":{"line":647,"column":7}},"165":{"start":{"line":636,"column":10},"end":{"line":644,"column":12}},"166":{"start":{"line":637,"column":12},"end":{"line":643,"column":13}},"167":{"start":{"line":638,"column":14},"end":{"line":638,"column":24}},"168":{"start":{"line":639,"column":19},"end":{"line":643,"column":13}},"169":{"start":{"line":640,"column":14},"end":{"line":640,"column":23}},"170":{"start":{"line":642,"column":14},"end":{"line":642,"column":23}},"171":{"start":{"line":646,"column":8},"end":{"line":646,"column":57}},"172":{"start":{"line":649,"column":6},"end":{"line":649,"column":68}},"173":{"start":{"line":652,"column":6},"end":{"line":652,"column":18}},"174":{"start":{"line":657,"column":4},"end":{"line":699,"column":5}},"175":{"start":{"line":658,"column":38},"end":{"line":658,"column":46}},"176":{"start":{"line":659,"column":24},"end":{"line":663,"column":8}},"177":{"start":{"line":665,"column":6},"end":{"line":667,"column":7}},"178":{"start":{"line":666,"column":8},"end":{"line":666,"column":64}},"179":{"start":{"line":669,"column":6},"end":{"line":674,"column":7}},"180":{"start":{"line":670,"column":8},"end":{"line":673,"column":10}},"181":{"start":{"line":676,"column":17},"end":{"line":679,"column":8}},"182":{"start":{"line":681,"column":22},"end":{"line":692,"column":7}},"183":{"start":{"line":694,"column":29},"end":{"line":694,"column":68}},"184":{"start":{"line":695,"column":6},"end":{"line":695,"column":43}},"185":{"start":{"line":697,"column":6},"end":{"line":697,"column":62}},"186":{"start":{"line":698,"column":6},"end":{"line":698,"column":18}},"187":{"start":{"line":703,"column":4},"end":{"line":785,"column":5}},"188":{"start":{"line":704,"column":21},"end":{"line":704,"column":31}},"189":{"start":{"line":705,"column":24},"end":{"line":710,"column":8}},"190":{"start":{"line":712,"column":6},"end":{"line":714,"column":7}},"191":{"start":{"line":713,"column":8},"end":{"line":713,"column":64}},"192":{"start":{"line":716,"column":27},"end":{"line":724,"column":8}},"193":{"start":{"line":726,"column":24},"end":{"line":730,"column":9}},"194":{"start":{"line":726,"column":52},"end":{"line":730,"column":7}},"195":{"start":{"line":732,"column":22},"end":{"line":746,"column":7}},"196":{"start":{"line":747,"column":24},"end":{"line":747,"column":40}},"197":{"start":{"line":748,"column":23},"end":{"line":758,"column":7}},"198":{"start":{"line":760,"column":18},"end":{"line":760,"column":36}},"199":{"start":{"line":761,"column":20},"end":{"line":761,"column":33}},"200":{"start":{"line":764,"column":6},"end":{"line":769,"column":8}},"201":{"start":{"line":771,"column":6},"end":{"line":773,"column":9}},"202":{"start":{"line":775,"column":6},"end":{"line":775,"column":60}},"203":{"start":{"line":777,"column":6},"end":{"line":783,"column":7}},"204":{"start":{"line":778,"column":8},"end":{"line":782,"column":11}},"205":{"start":{"line":784,"column":6},"end":{"line":784,"column":18}},"206":{"start":{"line":789,"column":4},"end":{"line":873,"column":5}},"207":{"start":{"line":790,"column":29},"end":{"line":790,"column":37}},"208":{"start":{"line":792,"column":22},"end":{"line":796,"column":8}},"209":{"start":{"line":798,"column":29},"end":{"line":800,"column":7}},"210":{"start":{"line":801,"column":20},"end":{"line":801,"column":43}},"211":{"start":{"line":802,"column":30},"end":{"line":802,"column":63}},"212":{"start":{"line":803,"column":24},"end":{"line":803,"column":51}},"213":{"start":{"line":805,"column":6},"end":{"line":813,"column":8}},"214":{"start":{"line":815,"column":24},"end":{"line":819,"column":8}},"215":{"start":{"line":821,"column":6},"end":{"line":823,"column":7}},"216":{"start":{"line":822,"column":8},"end":{"line":822,"column":64}},"217":{"start":{"line":825,"column":6},"end":{"line":869,"column":7}},"218":{"start":{"line":826,"column":8},"end":{"line":839,"column":9}},"219":{"start":{"line":827,"column":10},"end":{"line":834,"column":12}},"220":{"start":{"line":835,"column":10},"end":{"line":838,"column":13}},"221":{"start":{"line":840,"column":13},"end":{"line":869,"column":7}},"222":{"start":{"line":841,"column":8},"end":{"line":848,"column":10}},"223":{"start":{"line":849,"column":8},"end":{"line":852,"column":11}},"224":{"start":{"line":853,"column":13},"end":{"line":869,"column":7}},"225":{"start":{"line":858,"column":8},"end":{"line":863,"column":11}},"226":{"start":{"line":864,"column":13},"end":{"line":869,"column":7}},"227":{"start":{"line":865,"column":8},"end":{"line":868,"column":11}},"228":{"start":{"line":871,"column":6},"end":{"line":871,"column":59}},"229":{"start":{"line":872,"column":6},"end":{"line":872,"column":18}},"230":{"start":{"line":876,"column":0},"end":{"line":876,"column":28}}},"fnMap":{"0":{"name":"(anonymous_0)","decl":{"start":{"line":20,"column":2},"end":{"line":20,"column":3}},"loc":{"start":{"line":20,"column":40},"end":{"line":40,"column":3}},"line":20},"1":{"name":"(anonymous_1)","decl":{"start":{"line":42,"column":2},"end":{"line":42,"column":3}},"loc":{"start":{"line":42,"column":37},"end":{"line":78,"column":3}},"line":42},"2":{"name":"(anonymous_2)","decl":{"start":{"line":80,"column":2},"end":{"line":80,"column":3}},"loc":{"start":{"line":80,"column":47},"end":{"line":91,"column":3}},"line":80},"3":{"name":"(anonymous_3)","decl":{"start":{"line":93,"column":2},"end":{"line":93,"column":3}},"loc":{"start":{"line":93,"column":49},"end":{"line":111,"column":3}},"line":93},"4":{"name":"(anonymous_4)","decl":{"start":{"line":113,"column":2},"end":{"line":113,"column":3}},"loc":{"start":{"line":113,"column":43},"end":{"line":131,"column":3}},"line":113},"5":{"name":"(anonymous_5)","decl":{"start":{"line":133,"column":2},"end":{"line":133,"column":3}},"loc":{"start":{"line":133,"column":46},"end":{"line":161,"column":3}},"line":133},"6":{"name":"(anonymous_6)","decl":{"start":{"line":163,"column":2},"end":{"line":163,"column":3}},"loc":{"start":{"line":163,"column":48},"end":{"line":184,"column":3}},"line":163},"7":{"name":"(anonymous_7)","decl":{"start":{"line":282,"column":2},"end":{"line":282,"column":3}},"loc":{"start":{"line":282,"column":50},"end":{"line":301,"column":3}},"line":282},"8":{"name":"(anonymous_8)","decl":{"start":{"line":303,"column":2},"end":{"line":303,"column":3}},"loc":{"start":{"line":303,"column":51},"end":{"line":323,"column":3}},"line":303},"9":{"name":"(anonymous_9)","decl":{"start":{"line":394,"column":2},"end":{"line":394,"column":3}},"loc":{"start":{"line":394,"column":45},"end":{"line":407,"column":3}},"line":394},"10":{"name":"(anonymous_10)","decl":{"start":{"line":409,"column":2},"end":{"line":409,"column":3}},"loc":{"start":{"line":409,"column":40},"end":{"line":554,"column":3}},"line":409},"11":{"name":"(anonymous_11)","decl":{"start":{"line":442,"column":15},"end":{"line":442,"column":16}},"loc":{"start":{"line":442,"column":23},"end":{"line":463,"column":7}},"line":442},"12":{"name":"(anonymous_12)","decl":{"start":{"line":472,"column":26},"end":{"line":472,"column":27}},"loc":{"start":{"line":472,"column":34},"end":{"line":479,"column":7}},"line":472},"13":{"name":"(anonymous_13)","decl":{"start":{"line":481,"column":26},"end":{"line":481,"column":27}},"loc":{"start":{"line":481,"column":34},"end":{"line":488,"column":7}},"line":481},"14":{"name":"(anonymous_14)","decl":{"start":{"line":511,"column":27},"end":{"line":511,"column":28}},"loc":{"start":{"line":511,"column":35},"end":{"line":514,"column":7}},"line":511},"15":{"name":"(anonymous_15)","decl":{"start":{"line":516,"column":28},"end":{"line":516,"column":29}},"loc":{"start":{"line":516,"column":39},"end":{"line":523,"column":7}},"line":516},"16":{"name":"(anonymous_16)","decl":{"start":{"line":517,"column":31},"end":{"line":517,"column":32}},"loc":{"start":{"line":517,"column":41},"end":{"line":521,"column":9}},"line":517},"17":{"name":"(anonymous_17)","decl":{"start":{"line":556,"column":2},"end":{"line":556,"column":3}},"loc":{"start":{"line":556,"column":43},"end":{"line":591,"column":3}},"line":556},"18":{"name":"(anonymous_18)","decl":{"start":{"line":576,"column":41},"end":{"line":576,"column":42}},"loc":{"start":{"line":576,"column":49},"end":{"line":578,"column":7}},"line":576},"19":{"name":"(anonymous_19)","decl":{"start":{"line":593,"column":2},"end":{"line":593,"column":3}},"loc":{"start":{"line":593,"column":47},"end":{"line":654,"column":3}},"line":593},"20":{"name":"(anonymous_20)","decl":{"start":{"line":626,"column":38},"end":{"line":626,"column":39}},"loc":{"start":{"line":626,"column":46},"end":{"line":632,"column":7}},"line":626},"21":{"name":"(anonymous_21)","decl":{"start":{"line":627,"column":45},"end":{"line":627,"column":46}},"loc":{"start":{"line":627,"column":52},"end":{"line":629,"column":9}},"line":627},"22":{"name":"sortById","decl":{"start":{"line":635,"column":17},"end":{"line":635,"column":25}},"loc":{"start":{"line":635,"column":28},"end":{"line":645,"column":9}},"line":635},"23":{"name":"(anonymous_23)","decl":{"start":{"line":636,"column":17},"end":{"line":636,"column":18}},"loc":{"start":{"line":636,"column":37},"end":{"line":644,"column":11}},"line":636},"24":{"name":"(anonymous_24)","decl":{"start":{"line":656,"column":2},"end":{"line":656,"column":3}},"loc":{"start":{"line":656,"column":53},"end":{"line":700,"column":3}},"line":656},"25":{"name":"(anonymous_25)","decl":{"start":{"line":702,"column":2},"end":{"line":702,"column":3}},"loc":{"start":{"line":702,"column":51},"end":{"line":786,"column":3}},"line":702},"26":{"name":"(anonymous_26)","decl":{"start":{"line":726,"column":41},"end":{"line":726,"column":42}},"loc":{"start":{"line":726,"column":52},"end":{"line":730,"column":7}},"line":726},"27":{"name":"(anonymous_27)","decl":{"start":{"line":788,"column":2},"end":{"line":788,"column":3}},"loc":{"start":{"line":788,"column":51},"end":{"line":874,"column":3}},"line":788}},"branchMap":{"0":{"loc":{"start":{"line":45,"column":6},"end":{"line":47,"column":7}},"type":"if","locations":[{"start":{"line":45,"column":6},"end":{"line":47,"column":7}},{"start":{},"end":{}}],"line":45},"1":{"loc":{"start":{"line":48,"column":6},"end":{"line":50,"column":7}},"type":"if","locations":[{"start":{"line":48,"column":6},"end":{"line":50,"column":7}},{"start":{},"end":{}}],"line":48},"2":{"loc":{"start":{"line":57,"column":6},"end":{"line":59,"column":7}},"type":"if","locations":[{"start":{"line":57,"column":6},"end":{"line":59,"column":7}},{"start":{},"end":{}}],"line":57},"3":{"loc":{"start":{"line":62,"column":6},"end":{"line":64,"column":7}},"type":"if","locations":[{"start":{"line":62,"column":6},"end":{"line":64,"column":7}},{"start":{},"end":{}}],"line":62},"4":{"loc":{"start":{"line":97,"column":6},"end":{"line":100,"column":7}},"type":"if","locations":[{"start":{"line":97,"column":6},"end":{"line":100,"column":7}},{"start":{},"end":{}}],"line":97},"5":{"loc":{"start":{"line":137,"column":15},"end":{"line":137,"column":27}},"type":"binary-expr","locations":[{"start":{"line":137,"column":15},"end":{"line":137,"column":21}},{"start":{"line":137,"column":25},"end":{"line":137,"column":27}}],"line":137},"6":{"loc":{"start":{"line":149,"column":6},"end":{"line":152,"column":7}},"type":"if","locations":[{"start":{"line":149,"column":6},"end":{"line":152,"column":7}},{"start":{},"end":{}}],"line":149},"7":{"loc":{"start":{"line":175,"column":6},"end":{"line":177,"column":7}},"type":"if","locations":[{"start":{"line":175,"column":6},"end":{"line":177,"column":7}},{"start":{},"end":{}}],"line":175},"8":{"loc":{"start":{"line":307,"column":6},"end":{"line":310,"column":7}},"type":"if","locations":[{"start":{"line":307,"column":6},"end":{"line":310,"column":7}},{"start":{},"end":{}}],"line":307},"9":{"loc":{"start":{"line":424,"column":6},"end":{"line":426,"column":7}},"type":"if","locations":[{"start":{"line":424,"column":6},"end":{"line":426,"column":7}},{"start":{},"end":{}}],"line":424},"10":{"loc":{"start":{"line":427,"column":6},"end":{"line":429,"column":7}},"type":"if","locations":[{"start":{"line":427,"column":6},"end":{"line":429,"column":7}},{"start":{},"end":{}}],"line":427},"11":{"loc":{"start":{"line":443,"column":8},"end":{"line":445,"column":9}},"type":"if","locations":[{"start":{"line":443,"column":8},"end":{"line":445,"column":9}},{"start":{},"end":{}}],"line":443},"12":{"loc":{"start":{"line":446,"column":8},"end":{"line":448,"column":9}},"type":"if","locations":[{"start":{"line":446,"column":8},"end":{"line":448,"column":9}},{"start":{},"end":{}}],"line":446},"13":{"loc":{"start":{"line":449,"column":8},"end":{"line":451,"column":9}},"type":"if","locations":[{"start":{"line":449,"column":8},"end":{"line":451,"column":9}},{"start":{},"end":{}}],"line":449},"14":{"loc":{"start":{"line":473,"column":8},"end":{"line":478,"column":9}},"type":"if","locations":[{"start":{"line":473,"column":8},"end":{"line":478,"column":9}},{"start":{},"end":{}}],"line":473},"15":{"loc":{"start":{"line":482,"column":8},"end":{"line":487,"column":9}},"type":"if","locations":[{"start":{"line":482,"column":8},"end":{"line":487,"column":9}},{"start":{},"end":{}}],"line":482},"16":{"loc":{"start":{"line":518,"column":10},"end":{"line":520,"column":11}},"type":"if","locations":[{"start":{"line":518,"column":10},"end":{"line":520,"column":11}},{"start":{},"end":{}}],"line":518},"17":{"loc":{"start":{"line":566,"column":6},"end":{"line":568,"column":7}},"type":"if","locations":[{"start":{"line":566,"column":6},"end":{"line":568,"column":7}},{"start":{},"end":{}}],"line":566},"18":{"loc":{"start":{"line":603,"column":6},"end":{"line":605,"column":7}},"type":"if","locations":[{"start":{"line":603,"column":6},"end":{"line":605,"column":7}},{"start":{},"end":{}}],"line":603},"19":{"loc":{"start":{"line":634,"column":6},"end":{"line":647,"column":7}},"type":"if","locations":[{"start":{"line":634,"column":6},"end":{"line":647,"column":7}},{"start":{},"end":{}}],"line":634},"20":{"loc":{"start":{"line":637,"column":12},"end":{"line":643,"column":13}},"type":"if","locations":[{"start":{"line":637,"column":12},"end":{"line":643,"column":13}},{"start":{"line":639,"column":19},"end":{"line":643,"column":13}}],"line":637},"21":{"loc":{"start":{"line":639,"column":19},"end":{"line":643,"column":13}},"type":"if","locations":[{"start":{"line":639,"column":19},"end":{"line":643,"column":13}},{"start":{"line":641,"column":19},"end":{"line":643,"column":13}}],"line":639},"22":{"loc":{"start":{"line":665,"column":6},"end":{"line":667,"column":7}},"type":"if","locations":[{"start":{"line":665,"column":6},"end":{"line":667,"column":7}},{"start":{},"end":{}}],"line":665},"23":{"loc":{"start":{"line":669,"column":6},"end":{"line":674,"column":7}},"type":"if","locations":[{"start":{"line":669,"column":6},"end":{"line":674,"column":7}},{"start":{},"end":{}}],"line":669},"24":{"loc":{"start":{"line":712,"column":6},"end":{"line":714,"column":7}},"type":"if","locations":[{"start":{"line":712,"column":6},"end":{"line":714,"column":7}},{"start":{},"end":{}}],"line":712},"25":{"loc":{"start":{"line":777,"column":6},"end":{"line":783,"column":7}},"type":"if","locations":[{"start":{"line":777,"column":6},"end":{"line":783,"column":7}},{"start":{},"end":{}}],"line":777},"26":{"loc":{"start":{"line":821,"column":6},"end":{"line":823,"column":7}},"type":"if","locations":[{"start":{"line":821,"column":6},"end":{"line":823,"column":7}},{"start":{},"end":{}}],"line":821},"27":{"loc":{"start":{"line":825,"column":6},"end":{"line":869,"column":7}},"type":"if","locations":[{"start":{"line":825,"column":6},"end":{"line":869,"column":7}},{"start":{"line":840,"column":13},"end":{"line":869,"column":7}}],"line":825},"28":{"loc":{"start":{"line":826,"column":8},"end":{"line":839,"column":9}},"type":"if","locations":[{"start":{"line":826,"column":8},"end":{"line":839,"column":9}},{"start":{},"end":{}}],"line":826},"29":{"loc":{"start":{"line":840,"column":13},"end":{"line":869,"column":7}},"type":"if","locations":[{"start":{"line":840,"column":13},"end":{"line":869,"column":7}},{"start":{"line":853,"column":13},"end":{"line":869,"column":7}}],"line":840},"30":{"loc":{"start":{"line":853,"column":13},"end":{"line":869,"column":7}},"type":"if","locations":[{"start":{"line":853,"column":13},"end":{"line":869,"column":7}},{"start":{"line":864,"column":13},"end":{"line":869,"column":7}}],"line":853},"31":{"loc":{"start":{"line":854,"column":8},"end":{"line":856,"column":37}},"type":"binary-expr","locations":[{"start":{"line":854,"column":8},"end":{"line":854,"column":37}},{"start":{"line":855,"column":8},"end":{"line":855,"column":35}},{"start":{"line":856,"column":8},"end":{"line":856,"column":37}}],"line":854},"32":{"loc":{"start":{"line":864,"column":13},"end":{"line":869,"column":7}},"type":"if","locations":[{"start":{"line":864,"column":13},"end":{"line":869,"column":7}},{"start":{},"end":{}}],"line":864}},"s":{"0":2,"1":2,"2":2,"3":2,"4":2,"5":2,"6":2,"7":2,"8":8,"9":8,"10":8,"11":1,"12":1,"13":7,"14":7,"15":6,"16":6,"17":6,"18":1,"19":5,"20":1,"21":4,"22":4,"23":1,"24":3,"25":3,"26":1,"27":2,"28":2,"29":2,"30":4,"31":1,"32":1,"33":1,"34":0,"35":1,"36":1,"37":1,"38":0,"39":0,"40":1,"41":1,"42":1,"43":1,"44":0,"45":3,"46":3,"47":3,"48":1,"49":1,"50":2,"51":2,"52":2,"53":2,"54":2,"55":2,"56":1,"57":1,"58":2,"59":2,"60":0,"61":3,"62":3,"63":3,"64":2,"65":1,"66":1,"67":2,"68":7,"69":7,"70":7,"71":1,"72":1,"73":1,"74":6,"75":1,"76":1,"77":1,"78":0,"79":0,"80":1,"81":1,"82":1,"83":1,"84":0,"85":1,"86":1,"87":1,"88":0,"89":9,"90":9,"91":9,"92":2,"93":7,"94":1,"95":6,"96":6,"97":6,"98":6,"99":6,"100":7,"101":1,"102":6,"103":2,"104":4,"105":2,"106":2,"107":2,"108":2,"109":2,"110":2,"111":2,"112":1,"113":1,"114":2,"115":0,"116":1,"117":2,"118":0,"119":1,"120":1,"121":1,"122":1,"123":1,"124":1,"125":2,"126":2,"127":1,"128":2,"129":4,"130":2,"131":2,"132":1,"133":1,"134":1,"135":1,"136":1,"137":8,"138":8,"139":1,"140":1,"141":1,"142":1,"143":0,"144":1,"145":1,"146":2,"147":1,"148":1,"149":1,"150":0,"151":1,"152":1,"153":1,"154":1,"155":0,"156":1,"157":1,"158":1,"159":1,"160":2,"161":0,"162":2,"163":2,"164":1,"165":0,"166":0,"167":0,"168":0,"169":0,"170":0,"171":0,"172":1,"173":0,"174":0,"175":0,"176":0,"177":0,"178":0,"179":0,"180":0,"181":0,"182":0,"183":0,"184":0,"185":0,"186":0,"187":0,"188":0,"189":0,"190":0,"191":0,"192":0,"193":0,"194":0,"195":0,"196":0,"197":0,"198":0,"199":0,"200":0,"201":0,"202":0,"203":0,"204":0,"205":0,"206":0,"207":0,"208":0,"209":0,"210":0,"211":0,"212":0,"213":0,"214":0,"215":0,"216":0,"217":0,"218":0,"219":0,"220":0,"221":0,"222":0,"223":0,"224":0,"225":0,"226":0,"227":0,"228":0,"229":0,"230":2},"f":{"0":8,"1":6,"2":1,"3":1,"4":3,"5":2,"6":3,"7":7,"8":1,"9":1,"10":9,"11":7,"12":2,"13":2,"14":2,"15":2,"16":4,"17":1,"18":2,"19":1,"20":2,"21":0,"22":0,"23":0,"24":0,"25":0,"26":0,"27":0},"b":{"0":[1,5],"1":[1,4],"2":[1,3],"3":[1,2],"4":[0,1],"5":[2,2],"6":[1,1],"7":[1,1],"8":[0,1],"9":[2,7],"10":[1,6],"11":[1,6],"12":[2,4],"13":[2,2],"14":[0,2],"15":[0,2],"16":[2,2],"17":[0,1],"18":[0,1],"19":[0,1],"20":[0,0],"21":[0,0],"22":[0,0],"23":[0,0],"24":[0,0],"25":[0,0],"26":[0,0],"27":[0,0],"28":[0,0],"29":[0,0],"30":[0,0],"31":[0,0,0],"32":[0,0]},"_coverageSchema":"1a1c01bbd47fc00a2c39e90264f33305004495a9","hash":"2f510d4e0d26f8d4f73407371818c19944e0f61d"}
,"C:\\Users\\fatah\\OneDrive\\Desktop\\Backend\\helpers\\bcryptjs.js": {"path":"C:\\Users\\fatah\\OneDrive\\Desktop\\Backend\\helpers\\bcryptjs.js","statementMap":{"0":{"start":{"line":1,"column":17},"end":{"line":1,"column":37}},"1":{"start":{"line":3,"column":21},"end":{"line":3,"column":65}},"2":{"start":{"line":3,"column":35},"end":{"line":3,"column":65}},"3":{"start":{"line":4,"column":24},"end":{"line":4,"column":92}},"4":{"start":{"line":4,"column":50},"end":{"line":4,"column":92}},"5":{"start":{"line":6,"column":0},"end":{"line":9,"column":1}}},"fnMap":{"0":{"name":"(anonymous_0)","decl":{"start":{"line":3,"column":21},"end":{"line":3,"column":22}},"loc":{"start":{"line":3,"column":35},"end":{"line":3,"column":65}},"line":3},"1":{"name":"(anonymous_1)","decl":{"start":{"line":4,"column":24},"end":{"line":4,"column":25}},"loc":{"start":{"line":4,"column":50},"end":{"line":4,"column":92}},"line":4}},"branchMap":{},"s":{"0":2,"1":2,"2":5,"3":2,"4":3,"5":2},"f":{"0":5,"1":3},"b":{},"_coverageSchema":"1a1c01bbd47fc00a2c39e90264f33305004495a9","hash":"943423cd84438ff5ffc3d9c3c8b11341ed40d26f"}
,"C:\\Users\\fatah\\OneDrive\\Desktop\\Backend\\helpers\\jwt.js": {"path":"C:\\Users\\fatah\\OneDrive\\Desktop\\Backend\\helpers\\jwt.js","statementMap":{"0":{"start":{"line":1,"column":12},"end":{"line":1,"column":35}},"1":{"start":{"line":2,"column":19},"end":{"line":2,"column":44}},"2":{"start":{"line":4,"column":20},"end":{"line":4,"column":60}},"3":{"start":{"line":4,"column":31},"end":{"line":4,"column":60}},"4":{"start":{"line":5,"column":20},"end":{"line":5,"column":62}},"5":{"start":{"line":5,"column":33},"end":{"line":5,"column":62}},"6":{"start":{"line":8,"column":18},"end":{"line":10,"column":3}},"7":{"start":{"line":11,"column":18},"end":{"line":15,"column":3}},"8":{"start":{"line":17,"column":21},"end":{"line":17,"column":47}},"9":{"start":{"line":19,"column":16},"end":{"line":19,"column":54}},"10":{"start":{"line":21,"column":2},"end":{"line":21,"column":15}},"11":{"start":{"line":25,"column":0},"end":{"line":25,"column":59}}},"fnMap":{"0":{"name":"(anonymous_0)","decl":{"start":{"line":4,"column":20},"end":{"line":4,"column":21}},"loc":{"start":{"line":4,"column":31},"end":{"line":4,"column":60}},"line":4},"1":{"name":"(anonymous_1)","decl":{"start":{"line":5,"column":20},"end":{"line":5,"column":21}},"loc":{"start":{"line":5,"column":33},"end":{"line":5,"column":62}},"line":5},"2":{"name":"createTokenPdf","decl":{"start":{"line":7,"column":9},"end":{"line":7,"column":23}},"loc":{"start":{"line":7,"column":26},"end":{"line":22,"column":1}},"line":7}},"branchMap":{},"s":{"0":2,"1":2,"2":2,"3":18,"4":2,"5":2,"6":0,"7":0,"8":0,"9":0,"10":0,"11":2},"f":{"0":18,"1":2,"2":0},"b":{},"_coverageSchema":"1a1c01bbd47fc00a2c39e90264f33305004495a9","hash":"346303b37de17247daf3576cd64d395dcc0cea17"}
,"C:\\Users\\fatah\\OneDrive\\Desktop\\Backend\\helpers\\nodemailer.js": {"path":"C:\\Users\\fatah\\OneDrive\\Desktop\\Backend\\helpers\\nodemailer.js","statementMap":{"0":{"start":{"line":1,"column":19},"end":{"line":1,"column":40}},"1":{"start":{"line":4,"column":2},"end":{"line":23,"column":3}},"2":{"start":{"line":5,"column":24},"end":{"line":11,"column":6}},"3":{"start":{"line":13,"column":22},"end":{"line":18,"column":6}},"4":{"start":{"line":19,"column":4},"end":{"line":19,"column":64}},"5":{"start":{"line":22,"column":4},"end":{"line":22,"column":61}},"6":{"start":{"line":26,"column":0},"end":{"line":26,"column":37}}},"fnMap":{"0":{"name":"sendEmailNodemailer","decl":{"start":{"line":3,"column":15},"end":{"line":3,"column":34}},"loc":{"start":{"line":3,"column":67},"end":{"line":24,"column":1}},"line":3}},"branchMap":{},"s":{"0":2,"1":0,"2":0,"3":0,"4":0,"5":0,"6":2},"f":{"0":0},"b":{},"_coverageSchema":"1a1c01bbd47fc00a2c39e90264f33305004495a9","hash":"d24be0b3312e85c82a468298de38e043aa26a745"}
,"C:\\Users\\fatah\\OneDrive\\Desktop\\Backend\\middlewares\\authentication.js": {"path":"C:\\Users\\fatah\\OneDrive\\Desktop\\Backend\\middlewares\\authentication.js","statementMap":{"0":{"start":{"line":1,"column":21},"end":{"line":1,"column":41}},"1":{"start":{"line":2,"column":24},"end":{"line":2,"column":49}},"2":{"start":{"line":5,"column":2},"end":{"line":26,"column":3}},"3":{"start":{"line":6,"column":27},"end":{"line":6,"column":38}},"4":{"start":{"line":7,"column":4},"end":{"line":9,"column":5}},"5":{"start":{"line":8,"column":6},"end":{"line":8,"column":39}},"6":{"start":{"line":10,"column":20},"end":{"line":10,"column":45}},"7":{"start":{"line":12,"column":25},"end":{"line":12,"column":60}},"8":{"start":{"line":13,"column":4},"end":{"line":15,"column":5}},"9":{"start":{"line":14,"column":6},"end":{"line":14,"column":39}},"10":{"start":{"line":17,"column":4},"end":{"line":21,"column":5}},"11":{"start":{"line":22,"column":4},"end":{"line":22,"column":10}},"12":{"start":{"line":24,"column":4},"end":{"line":24,"column":49}},"13":{"start":{"line":25,"column":4},"end":{"line":25,"column":13}},"14":{"start":{"line":29,"column":0},"end":{"line":29,"column":35}}},"fnMap":{"0":{"name":"authentication","decl":{"start":{"line":4,"column":15},"end":{"line":4,"column":29}},"loc":{"start":{"line":4,"column":47},"end":{"line":27,"column":1}},"line":4}},"branchMap":{"0":{"loc":{"start":{"line":7,"column":4},"end":{"line":9,"column":5}},"type":"if","locations":[{"start":{"line":7,"column":4},"end":{"line":9,"column":5}},{"start":{},"end":{}}],"line":7},"1":{"loc":{"start":{"line":13,"column":4},"end":{"line":15,"column":5}},"type":"if","locations":[{"start":{"line":13,"column":4},"end":{"line":15,"column":5}},{"start":{},"end":{}}],"line":13}},"s":{"0":2,"1":2,"2":19,"3":19,"4":19,"5":1,"6":18,"7":14,"8":14,"9":0,"10":14,"11":14,"12":5,"13":5,"14":2},"f":{"0":19},"b":{"0":[1,18],"1":[0,14]},"_coverageSchema":"1a1c01bbd47fc00a2c39e90264f33305004495a9","hash":"f1caa8bc2cf8b2583c6fa73b876065ac1d91a352"}
,"C:\\Users\\fatah\\OneDrive\\Desktop\\Backend\\middlewares\\errorhandler.js": {"path":"C:\\Users\\fatah\\OneDrive\\Desktop\\Backend\\middlewares\\errorhandler.js","statementMap":{"0":{"start":{"line":2,"column":15},"end":{"line":2,"column":18}},"1":{"start":{"line":3,"column":16},"end":{"line":3,"column":39}},"2":{"start":{"line":7,"column":2},"end":{"line":37,"column":3}},"3":{"start":{"line":11,"column":4},"end":{"line":11,"column":17}},"4":{"start":{"line":12,"column":4},"end":{"line":12,"column":36}},"5":{"start":{"line":13,"column":9},"end":{"line":37,"column":3}},"6":{"start":{"line":14,"column":4},"end":{"line":14,"column":17}},"7":{"start":{"line":15,"column":4},"end":{"line":15,"column":26}},"8":{"start":{"line":16,"column":9},"end":{"line":37,"column":3}},"9":{"start":{"line":17,"column":4},"end":{"line":17,"column":17}},"10":{"start":{"line":18,"column":4},"end":{"line":18,"column":26}},"11":{"start":{"line":19,"column":9},"end":{"line":37,"column":3}},"12":{"start":{"line":23,"column":4},"end":{"line":23,"column":17}},"13":{"start":{"line":24,"column":4},"end":{"line":24,"column":30}},"14":{"start":{"line":25,"column":9},"end":{"line":37,"column":3}},"15":{"start":{"line":26,"column":4},"end":{"line":26,"column":17}},"16":{"start":{"line":27,"column":4},"end":{"line":27,"column":39}},"17":{"start":{"line":28,"column":9},"end":{"line":37,"column":3}},"18":{"start":{"line":29,"column":4},"end":{"line":29,"column":17}},"19":{"start":{"line":30,"column":4},"end":{"line":30,"column":26}},"20":{"start":{"line":31,"column":9},"end":{"line":37,"column":3}},"21":{"start":{"line":32,"column":4},"end":{"line":32,"column":24}},"22":{"start":{"line":33,"column":4},"end":{"line":33,"column":26}},"23":{"start":{"line":34,"column":9},"end":{"line":37,"column":3}},"24":{"start":{"line":35,"column":4},"end":{"line":35,"column":32}},"25":{"start":{"line":36,"column":4},"end":{"line":36,"column":48}},"26":{"start":{"line":39,"column":2},"end":{"line":39,"column":39}},"27":{"start":{"line":42,"column":0},"end":{"line":42,"column":30}}},"fnMap":{"0":{"name":"errorHandler","decl":{"start":{"line":1,"column":9},"end":{"line":1,"column":21}},"loc":{"start":{"line":1,"column":43},"end":{"line":40,"column":1}},"line":1}},"branchMap":{"0":{"loc":{"start":{"line":7,"column":2},"end":{"line":37,"column":3}},"type":"if","locations":[{"start":{"line":7,"column":2},"end":{"line":37,"column":3}},{"start":{"line":13,"column":9},"end":{"line":37,"column":3}}],"line":7},"1":{"loc":{"start":{"line":8,"column":4},"end":{"line":9,"column":49}},"type":"binary-expr","locations":[{"start":{"line":8,"column":4},"end":{"line":8,"column":43}},{"start":{"line":9,"column":4},"end":{"line":9,"column":49}}],"line":8},"2":{"loc":{"start":{"line":13,"column":9},"end":{"line":37,"column":3}},"type":"if","locations":[{"start":{"line":13,"column":9},"end":{"line":37,"column":3}},{"start":{"line":16,"column":9},"end":{"line":37,"column":3}}],"line":13},"3":{"loc":{"start":{"line":16,"column":9},"end":{"line":37,"column":3}},"type":"if","locations":[{"start":{"line":16,"column":9},"end":{"line":37,"column":3}},{"start":{"line":19,"column":9},"end":{"line":37,"column":3}}],"line":16},"4":{"loc":{"start":{"line":19,"column":9},"end":{"line":37,"column":3}},"type":"if","locations":[{"start":{"line":19,"column":9},"end":{"line":37,"column":3}},{"start":{"line":25,"column":9},"end":{"line":37,"column":3}}],"line":19},"5":{"loc":{"start":{"line":20,"column":4},"end":{"line":21,"column":36}},"type":"binary-expr","locations":[{"start":{"line":20,"column":4},"end":{"line":20,"column":34}},{"start":{"line":21,"column":4},"end":{"line":21,"column":36}}],"line":20},"6":{"loc":{"start":{"line":25,"column":9},"end":{"line":37,"column":3}},"type":"if","locations":[{"start":{"line":25,"column":9},"end":{"line":37,"column":3}},{"start":{"line":28,"column":9},"end":{"line":37,"column":3}}],"line":25},"7":{"loc":{"start":{"line":28,"column":9},"end":{"line":37,"column":3}},"type":"if","locations":[{"start":{"line":28,"column":9},"end":{"line":37,"column":3}},{"start":{"line":31,"column":9},"end":{"line":37,"column":3}}],"line":28},"8":{"loc":{"start":{"line":31,"column":9},"end":{"line":37,"column":3}},"type":"if","locations":[{"start":{"line":31,"column":9},"end":{"line":37,"column":3}},{"start":{"line":34,"column":9},"end":{"line":37,"column":3}}],"line":31},"9":{"loc":{"start":{"line":34,"column":9},"end":{"line":37,"column":3}},"type":"if","locations":[{"start":{"line":34,"column":9},"end":{"line":37,"column":3}},{"start":{},"end":{}}],"line":34}},"s":{"0":34,"1":34,"2":34,"3":15,"4":15,"5":19,"6":2,"7":2,"8":17,"9":0,"10":0,"11":17,"12":5,"13":5,"14":12,"15":2,"16":2,"17":10,"18":9,"19":9,"20":1,"21":0,"22":0,"23":1,"24":0,"25":0,"26":34,"27":2},"f":{"0":34},"b":{"0":[15,19],"1":[34,19],"2":[2,17],"3":[0,17],"4":[5,12],"5":[17,16],"6":[2,10],"7":[9,1],"8":[0,1],"9":[0,1]},"_coverageSchema":"1a1c01bbd47fc00a2c39e90264f33305004495a9","hash":"70c741921e2277de9b3f4200c68111af503e321c"}
,"C:\\Users\\fatah\\OneDrive\\Desktop\\Backend\\models\\category.js": {"path":"C:\\Users\\fatah\\OneDrive\\Desktop\\Backend\\models\\category.js","statementMap":{"0":{"start":{"line":2,"column":18},"end":{"line":2,"column":38}},"1":{"start":{"line":3,"column":0},"end":{"line":36,"column":2}},"2":{"start":{"line":12,"column":6},"end":{"line":12,"column":68}},"3":{"start":{"line":15,"column":2},"end":{"line":34,"column":4}},"4":{"start":{"line":35,"column":2},"end":{"line":35,"column":18}}},"fnMap":{"0":{"name":"(anonymous_0)","decl":{"start":{"line":3,"column":17},"end":{"line":3,"column":18}},"loc":{"start":{"line":3,"column":43},"end":{"line":36,"column":1}},"line":3},"1":{"name":"(anonymous_1)","decl":{"start":{"line":10,"column":4},"end":{"line":10,"column":5}},"loc":{"start":{"line":10,"column":29},"end":{"line":13,"column":5}},"line":10}},"branchMap":{},"s":{"0":2,"1":2,"2":2,"3":2,"4":2},"f":{"0":2,"1":2},"b":{},"_coverageSchema":"1a1c01bbd47fc00a2c39e90264f33305004495a9","hash":"cd30e4a4141b83d397836581a5b6834081ff1212"}
,"C:\\Users\\fatah\\OneDrive\\Desktop\\Backend\\models\\customer.js": {"path":"C:\\Users\\fatah\\OneDrive\\Desktop\\Backend\\models\\customer.js","statementMap":{"0":{"start":{"line":2,"column":18},"end":{"line":2,"column":38}},"1":{"start":{"line":3,"column":25},"end":{"line":3,"column":55}},"2":{"start":{"line":5,"column":0},"end":{"line":96,"column":2}},"3":{"start":{"line":8,"column":6},"end":{"line":8,"column":67}},"4":{"start":{"line":11,"column":2},"end":{"line":94,"column":4}},"5":{"start":{"line":54,"column":12},"end":{"line":56,"column":13}},"6":{"start":{"line":55,"column":14},"end":{"line":55,"column":71}},"7":{"start":{"line":88,"column":10},"end":{"line":88,"column":62}},"8":{"start":{"line":95,"column":2},"end":{"line":95,"column":18}}},"fnMap":{"0":{"name":"(anonymous_0)","decl":{"start":{"line":5,"column":17},"end":{"line":5,"column":18}},"loc":{"start":{"line":5,"column":43},"end":{"line":96,"column":1}},"line":5},"1":{"name":"(anonymous_1)","decl":{"start":{"line":7,"column":4},"end":{"line":7,"column":5}},"loc":{"start":{"line":7,"column":29},"end":{"line":9,"column":5}},"line":7},"2":{"name":"(anonymous_2)","decl":{"start":{"line":53,"column":10},"end":{"line":53,"column":11}},"loc":{"start":{"line":53,"column":34},"end":{"line":57,"column":11}},"line":53},"3":{"name":"(anonymous_3)","decl":{"start":{"line":87,"column":22},"end":{"line":87,"column":23}},"loc":{"start":{"line":87,"column":36},"end":{"line":89,"column":9}},"line":87}},"branchMap":{"0":{"loc":{"start":{"line":54,"column":12},"end":{"line":56,"column":13}},"type":"if","locations":[{"start":{"line":54,"column":12},"end":{"line":56,"column":13}},{"start":{},"end":{}}],"line":54},"1":{"loc":{"start":{"line":54,"column":16},"end":{"line":54,"column":58}},"type":"binary-expr","locations":[{"start":{"line":54,"column":16},"end":{"line":54,"column":35}},{"start":{"line":54,"column":39},"end":{"line":54,"column":58}}],"line":54}},"s":{"0":2,"1":2,"2":2,"3":2,"4":2,"5":7,"6":0,"7":1,"8":2},"f":{"0":2,"1":2,"2":7,"3":1},"b":{"0":[0,7],"1":[7,1]},"_coverageSchema":"1a1c01bbd47fc00a2c39e90264f33305004495a9","hash":"54119d9a9be54291a7b8fc6a118e1826234f3f45"}
,"C:\\Users\\fatah\\OneDrive\\Desktop\\Backend\\models\\index.js": {"path":"C:\\Users\\fatah\\OneDrive\\Desktop\\Backend\\models\\index.js","statementMap":{"0":{"start":{"line":3,"column":11},"end":{"line":3,"column":24}},"1":{"start":{"line":4,"column":13},"end":{"line":4,"column":28}},"2":{"start":{"line":5,"column":18},"end":{"line":5,"column":38}},"3":{"start":{"line":6,"column":16},"end":{"line":6,"column":34}},"4":{"start":{"line":7,"column":17},"end":{"line":7,"column":42}},"5":{"start":{"line":8,"column":12},"end":{"line":8,"column":49}},"6":{"start":{"line":9,"column":15},"end":{"line":9,"column":65}},"7":{"start":{"line":10,"column":11},"end":{"line":10,"column":13}},"8":{"start":{"line":13,"column":0},"end":{"line":17,"column":1}},"9":{"start":{"line":14,"column":2},"end":{"line":14,"column":74}},"10":{"start":{"line":16,"column":2},"end":{"line":16,"column":87}},"11":{"start":{"line":19,"column":0},"end":{"line":32,"column":5}},"12":{"start":{"line":22,"column":4},"end":{"line":27,"column":6}},"13":{"start":{"line":30,"column":18},"end":{"line":30,"column":85}},"14":{"start":{"line":31,"column":4},"end":{"line":31,"column":27}},"15":{"start":{"line":34,"column":0},"end":{"line":38,"column":3}},"16":{"start":{"line":35,"column":2},"end":{"line":37,"column":3}},"17":{"start":{"line":36,"column":4},"end":{"line":36,"column":32}},"18":{"start":{"line":40,"column":0},"end":{"line":40,"column":25}},"19":{"start":{"line":41,"column":0},"end":{"line":41,"column":25}},"20":{"start":{"line":43,"column":0},"end":{"line":43,"column":20}}},"fnMap":{"0":{"name":"(anonymous_0)","decl":{"start":{"line":21,"column":10},"end":{"line":21,"column":11}},"loc":{"start":{"line":21,"column":18},"end":{"line":28,"column":3}},"line":21},"1":{"name":"(anonymous_1)","decl":{"start":{"line":29,"column":11},"end":{"line":29,"column":12}},"loc":{"start":{"line":29,"column":19},"end":{"line":32,"column":3}},"line":29},"2":{"name":"(anonymous_2)","decl":{"start":{"line":34,"column":24},"end":{"line":34,"column":25}},"loc":{"start":{"line":34,"column":37},"end":{"line":38,"column":1}},"line":34}},"branchMap":{"0":{"loc":{"start":{"line":8,"column":12},"end":{"line":8,"column":49}},"type":"binary-expr","locations":[{"start":{"line":8,"column":12},"end":{"line":8,"column":32}},{"start":{"line":8,"column":36},"end":{"line":8,"column":49}}],"line":8},"1":{"loc":{"start":{"line":13,"column":0},"end":{"line":17,"column":1}},"type":"if","locations":[{"start":{"line":13,"column":0},"end":{"line":17,"column":1}},{"start":{"line":15,"column":7},"end":{"line":17,"column":1}}],"line":13},"2":{"loc":{"start":{"line":23,"column":6},"end":{"line":26,"column":37}},"type":"binary-expr","locations":[{"start":{"line":23,"column":6},"end":{"line":23,"column":29}},{"start":{"line":24,"column":6},"end":{"line":24,"column":23}},{"start":{"line":25,"column":6},"end":{"line":25,"column":30}},{"start":{"line":26,"column":6},"end":{"line":26,"column":37}}],"line":23},"3":{"loc":{"start":{"line":35,"column":2},"end":{"line":37,"column":3}},"type":"if","locations":[{"start":{"line":35,"column":2},"end":{"line":37,"column":3}},{"start":{},"end":{}}],"line":35}},"s":{"0":2,"1":2,"2":2,"3":2,"4":2,"5":2,"6":2,"7":2,"8":2,"9":0,"10":2,"11":2,"12":18,"13":16,"14":16,"15":2,"16":16,"17":16,"18":2,"19":2,"20":2},"f":{"0":18,"1":16,"2":16},"b":{"0":[2,0],"1":[0,2],"2":[18,18,16,16],"3":[16,0]},"_coverageSchema":"1a1c01bbd47fc00a2c39e90264f33305004495a9","hash":"5e5337412b12dcc8171cf3745b632fdbc0141842"}
,"C:\\Users\\fatah\\OneDrive\\Desktop\\Backend\\models\\notification.js": {"path":"C:\\Users\\fatah\\OneDrive\\Desktop\\Backend\\models\\notification.js","statementMap":{"0":{"start":{"line":4,"column":4},"end":{"line":4,"column":24}},"1":{"start":{"line":5,"column":0},"end":{"line":54,"column":2}},"2":{"start":{"line":12,"column":2},"end":{"line":52,"column":5}},"3":{"start":{"line":53,"column":2},"end":{"line":53,"column":22}}},"fnMap":{"0":{"name":"(anonymous_0)","decl":{"start":{"line":5,"column":17},"end":{"line":5,"column":18}},"loc":{"start":{"line":5,"column":43},"end":{"line":54,"column":1}},"line":5},"1":{"name":"(anonymous_1)","decl":{"start":{"line":8,"column":4},"end":{"line":8,"column":5}},"loc":{"start":{"line":8,"column":29},"end":{"line":10,"column":5}},"line":8}},"branchMap":{},"s":{"0":2,"1":2,"2":2,"3":2},"f":{"0":2,"1":2},"b":{},"_coverageSchema":"1a1c01bbd47fc00a2c39e90264f33305004495a9","hash":"5ad561a5c47e4bca994c0e51b576c184c150a61a"}
,"C:\\Users\\fatah\\OneDrive\\Desktop\\Backend\\models\\order.js": {"path":"C:\\Users\\fatah\\OneDrive\\Desktop\\Backend\\models\\order.js","statementMap":{"0":{"start":{"line":2,"column":18},"end":{"line":2,"column":38}},"1":{"start":{"line":3,"column":0},"end":{"line":33,"column":2}},"2":{"start":{"line":12,"column":6},"end":{"line":12,"column":69}},"3":{"start":{"line":13,"column":6},"end":{"line":13,"column":67}},"4":{"start":{"line":16,"column":2},"end":{"line":31,"column":4}},"5":{"start":{"line":32,"column":2},"end":{"line":32,"column":15}}},"fnMap":{"0":{"name":"(anonymous_0)","decl":{"start":{"line":3,"column":17},"end":{"line":3,"column":18}},"loc":{"start":{"line":3,"column":43},"end":{"line":33,"column":1}},"line":3},"1":{"name":"(anonymous_1)","decl":{"start":{"line":10,"column":4},"end":{"line":10,"column":5}},"loc":{"start":{"line":10,"column":29},"end":{"line":14,"column":5}},"line":10}},"branchMap":{},"s":{"0":2,"1":2,"2":2,"3":2,"4":2,"5":2},"f":{"0":2,"1":2},"b":{},"_coverageSchema":"1a1c01bbd47fc00a2c39e90264f33305004495a9","hash":"57b2171dfe5fdab8ab27e3fb8e0159ee7ca43dc3"}
,"C:\\Users\\fatah\\OneDrive\\Desktop\\Backend\\models\\orderdetail.js": {"path":"C:\\Users\\fatah\\OneDrive\\Desktop\\Backend\\models\\orderdetail.js","statementMap":{"0":{"start":{"line":4,"column":4},"end":{"line":4,"column":24}},"1":{"start":{"line":5,"column":0},"end":{"line":23,"column":2}},"2":{"start":{"line":8,"column":6},"end":{"line":8,"column":69}},"3":{"start":{"line":9,"column":6},"end":{"line":9,"column":71}},"4":{"start":{"line":10,"column":6},"end":{"line":10,"column":80}},"5":{"start":{"line":11,"column":6},"end":{"line":11,"column":89}},"6":{"start":{"line":14,"column":2},"end":{"line":21,"column":5}},"7":{"start":{"line":22,"column":2},"end":{"line":22,"column":21}}},"fnMap":{"0":{"name":"(anonymous_0)","decl":{"start":{"line":5,"column":17},"end":{"line":5,"column":18}},"loc":{"start":{"line":5,"column":43},"end":{"line":23,"column":1}},"line":5},"1":{"name":"(anonymous_1)","decl":{"start":{"line":7,"column":4},"end":{"line":7,"column":5}},"loc":{"start":{"line":7,"column":29},"end":{"line":12,"column":5}},"line":7}},"branchMap":{},"s":{"0":2,"1":2,"2":2,"3":2,"4":2,"5":2,"6":2,"7":2},"f":{"0":2,"1":2},"b":{},"_coverageSchema":"1a1c01bbd47fc00a2c39e90264f33305004495a9","hash":"6a2a5927c3cf4d343668cce374bd5cf4f57c3710"}
,"C:\\Users\\fatah\\OneDrive\\Desktop\\Backend\\models\\orderhistory.js": {"path":"C:\\Users\\fatah\\OneDrive\\Desktop\\Backend\\models\\orderhistory.js","statementMap":{"0":{"start":{"line":4,"column":4},"end":{"line":4,"column":24}},"1":{"start":{"line":5,"column":0},"end":{"line":55,"column":2}},"2":{"start":{"line":8,"column":6},"end":{"line":8,"column":81}},"3":{"start":{"line":11,"column":2},"end":{"line":53,"column":5}},"4":{"start":{"line":54,"column":2},"end":{"line":54,"column":22}}},"fnMap":{"0":{"name":"(anonymous_0)","decl":{"start":{"line":5,"column":17},"end":{"line":5,"column":18}},"loc":{"start":{"line":5,"column":43},"end":{"line":55,"column":1}},"line":5},"1":{"name":"(anonymous_1)","decl":{"start":{"line":7,"column":4},"end":{"line":7,"column":5}},"loc":{"start":{"line":7,"column":29},"end":{"line":9,"column":5}},"line":7}},"branchMap":{},"s":{"0":2,"1":2,"2":2,"3":2,"4":2},"f":{"0":2,"1":2},"b":{},"_coverageSchema":"1a1c01bbd47fc00a2c39e90264f33305004495a9","hash":"7af3520bec87a41c5f5b1650e7a292881adcd279"}
,"C:\\Users\\fatah\\OneDrive\\Desktop\\Backend\\models\\qurban.js": {"path":"C:\\Users\\fatah\\OneDrive\\Desktop\\Backend\\models\\qurban.js","statementMap":{"0":{"start":{"line":2,"column":18},"end":{"line":2,"column":38}},"1":{"start":{"line":3,"column":0},"end":{"line":142,"column":2}},"2":{"start":{"line":12,"column":6},"end":{"line":12,"column":70}},"3":{"start":{"line":13,"column":6},"end":{"line":13,"column":69}},"4":{"start":{"line":16,"column":2},"end":{"line":140,"column":4}},"5":{"start":{"line":141,"column":2},"end":{"line":141,"column":16}}},"fnMap":{"0":{"name":"(anonymous_0)","decl":{"start":{"line":3,"column":17},"end":{"line":3,"column":18}},"loc":{"start":{"line":3,"column":43},"end":{"line":142,"column":1}},"line":3},"1":{"name":"(anonymous_1)","decl":{"start":{"line":10,"column":4},"end":{"line":10,"column":5}},"loc":{"start":{"line":10,"column":29},"end":{"line":14,"column":5}},"line":10}},"branchMap":{},"s":{"0":2,"1":2,"2":2,"3":2,"4":2,"5":2},"f":{"0":2,"1":2},"b":{},"_coverageSchema":"1a1c01bbd47fc00a2c39e90264f33305004495a9","hash":"57034e6a1a5d288e4bd908acb4cfbd218ab75edd"}
,"C:\\Users\\fatah\\OneDrive\\Desktop\\Backend\\models\\reforestationdonation.js": {"path":"C:\\Users\\fatah\\OneDrive\\Desktop\\Backend\\models\\reforestationdonation.js","statementMap":{"0":{"start":{"line":4,"column":4},"end":{"line":4,"column":24}},"1":{"start":{"line":5,"column":0},"end":{"line":20,"column":2}},"2":{"start":{"line":8,"column":6},"end":{"line":8,"column":90}},"3":{"start":{"line":11,"column":2},"end":{"line":18,"column":5}},"4":{"start":{"line":19,"column":2},"end":{"line":19,"column":31}}},"fnMap":{"0":{"name":"(anonymous_0)","decl":{"start":{"line":5,"column":17},"end":{"line":5,"column":18}},"loc":{"start":{"line":5,"column":43},"end":{"line":20,"column":1}},"line":5},"1":{"name":"(anonymous_1)","decl":{"start":{"line":7,"column":4},"end":{"line":7,"column":5}},"loc":{"start":{"line":7,"column":29},"end":{"line":9,"column":5}},"line":7}},"branchMap":{},"s":{"0":2,"1":2,"2":2,"3":2,"4":2},"f":{"0":2,"1":2},"b":{},"_coverageSchema":"1a1c01bbd47fc00a2c39e90264f33305004495a9","hash":"22ed15becdea14c6ed8868bd81703ba753df259d"}
,"C:\\Users\\fatah\\OneDrive\\Desktop\\Backend\\routes\\index.js": {"path":"C:\\Users\\fatah\\OneDrive\\Desktop\\Backend\\routes\\index.js","statementMap":{"0":{"start":{"line":1,"column":15},"end":{"line":1,"column":42}},"1":{"start":{"line":2,"column":19},"end":{"line":2,"column":55}},"2":{"start":{"line":3,"column":27},"end":{"line":3,"column":67}},"3":{"start":{"line":5,"column":0},"end":{"line":7,"column":3}},"4":{"start":{"line":6,"column":2},"end":{"line":6,"column":29}},"5":{"start":{"line":9,"column":0},"end":{"line":9,"column":46}},"6":{"start":{"line":10,"column":0},"end":{"line":10,"column":40}},"7":{"start":{"line":11,"column":0},"end":{"line":11,"column":53}},"8":{"start":{"line":13,"column":0},"end":{"line":13,"column":56}},"9":{"start":{"line":14,"column":0},"end":{"line":14,"column":51}},"10":{"start":{"line":16,"column":0},"end":{"line":16,"column":61}},"11":{"start":{"line":20,"column":0},"end":{"line":20,"column":50}},"12":{"start":{"line":21,"column":0},"end":{"line":21,"column":56}},"13":{"start":{"line":29,"column":0},"end":{"line":29,"column":68}},"14":{"start":{"line":31,"column":0},"end":{"line":31,"column":27}},"15":{"start":{"line":33,"column":0},"end":{"line":33,"column":61}},"16":{"start":{"line":35,"column":0},"end":{"line":35,"column":48}},"17":{"start":{"line":36,"column":0},"end":{"line":36,"column":44}},"18":{"start":{"line":37,"column":0},"end":{"line":37,"column":53}},"19":{"start":{"line":38,"column":0},"end":{"line":38,"column":54}},"20":{"start":{"line":39,"column":0},"end":{"line":39,"column":60}},"21":{"start":{"line":41,"column":0},"end":{"line":41,"column":65}},"22":{"start":{"line":43,"column":0},"end":{"line":43,"column":24}}},"fnMap":{"0":{"name":"(anonymous_0)","decl":{"start":{"line":5,"column":16},"end":{"line":5,"column":17}},"loc":{"start":{"line":5,"column":30},"end":{"line":7,"column":1}},"line":5}},"branchMap":{},"s":{"0":2,"1":2,"2":2,"3":2,"4":0,"5":2,"6":2,"7":2,"8":2,"9":2,"10":2,"11":2,"12":2,"13":2,"14":2,"15":2,"16":2,"17":2,"18":2,"19":2,"20":2,"21":2,"22":2},"f":{"0":0},"b":{},"_coverageSchema":"1a1c01bbd47fc00a2c39e90264f33305004495a9","hash":"c0e8e3da44778a0951a09babd5bad65c5587b70d"}
}
