{"C:\\Users\\fatah\\OneDrive\\Desktop\\Backend\\app.js": {"path":"C:\\Users\\fatah\\OneDrive\\Desktop\\Backend\\app.js","statementMap":{"0":{"start":{"line":2,"column":0},"end":{"line":4,"column":1}},"1":{"start":{"line":3,"column":2},"end":{"line":3,"column":29}},"2":{"start":{"line":6,"column":16},"end":{"line":6,"column":34}},"3":{"start":{"line":7,"column":15},"end":{"line":7,"column":34}},"4":{"start":{"line":8,"column":21},"end":{"line":8,"column":58}},"5":{"start":{"line":9,"column":12},"end":{"line":9,"column":21}},"6":{"start":{"line":10,"column":13},"end":{"line":10,"column":37}},"7":{"start":{"line":11,"column":13},"end":{"line":11,"column":28}},"8":{"start":{"line":13,"column":0},"end":{"line":13,"column":49}},"9":{"start":{"line":14,"column":0},"end":{"line":14,"column":24}},"10":{"start":{"line":15,"column":0},"end":{"line":15,"column":16}},"11":{"start":{"line":16,"column":0},"end":{"line":16,"column":16}},"12":{"start":{"line":17,"column":0},"end":{"line":17,"column":22}},"13":{"start":{"line":23,"column":0},"end":{"line":23,"column":21}}},"fnMap":{},"branchMap":{"0":{"loc":{"start":{"line":2,"column":0},"end":{"line":4,"column":1}},"type":"if","locations":[{"start":{"line":2,"column":0},"end":{"line":4,"column":1}},{"start":{},"end":{}}],"line":2},"1":{"loc":{"start":{"line":10,"column":13},"end":{"line":10,"column":37}},"type":"binary-expr","locations":[{"start":{"line":10,"column":13},"end":{"line":10,"column":29}},{"start":{"line":10,"column":33},"end":{"line":10,"column":37}}],"line":10}},"s":{"0":2,"1":2,"2":2,"3":2,"4":2,"5":2,"6":2,"7":2,"8":2,"9":2,"10":2,"11":2,"12":2,"13":2},"f":{},"b":{"0":[2,0],"1":[2,2]},"_coverageSchema":"1a1c01bbd47fc00a2c39e90264f33305004495a9","hash":"85bb00ae0a8bab3fbe74c1949dd36c9300f52de8"}
,"C:\\Users\\fatah\\OneDrive\\Desktop\\Backend\\config\\redis.js": {"path":"C:\\Users\\fatah\\OneDrive\\Desktop\\Backend\\config\\redis.js","statementMap":{"0":{"start":{"line":1,"column":14},"end":{"line":1,"column":32}},"1":{"start":{"line":3,"column":12},"end":{"line":3,"column":126}},"2":{"start":{"line":4,"column":14},"end":{"line":4,"column":29}},"3":{"start":{"line":6,"column":0},"end":{"line":6,"column":22}}},"fnMap":{},"branchMap":{},"s":{"0":2,"1":2,"2":2,"3":2},"f":{},"b":{},"_coverageSchema":"1a1c01bbd47fc00a2c39e90264f33305004495a9","hash":"24f03f67ae064a4b7df31f9dec58ad3339e2093c"}
,"C:\\Users\\fatah\\OneDrive\\Desktop\\Backend\\controllers\\controller.js": {"path":"C:\\Users\\fatah\\OneDrive\\Desktop\\Backend\\controllers\\controller.js","statementMap":{"0":{"start":{"line":1,"column":28},"end":{"line":1,"column":58}},"1":{"start":{"line":2,"column":24},"end":{"line":2,"column":49}},"2":{"start":{"line":12,"column":4},"end":{"line":12,"column":24}},"3":{"start":{"line":13,"column":15},"end":{"line":13,"column":35}},"4":{"start":{"line":14,"column":14},"end":{"line":14,"column":40}},"5":{"start":{"line":15,"column":23},"end":{"line":15,"column":49}},"6":{"start":{"line":20,"column":4},"end":{"line":38,"column":5}},"7":{"start":{"line":21,"column":65},"end":{"line":21,"column":73}},"8":{"start":{"line":22,"column":23},"end":{"line":28,"column":8}},"9":{"start":{"line":29,"column":17},"end":{"line":33,"column":7}},"10":{"start":{"line":34,"column":6},"end":{"line":34,"column":33}},"11":{"start":{"line":36,"column":6},"end":{"line":36,"column":49}},"12":{"start":{"line":37,"column":6},"end":{"line":37,"column":16}},"13":{"start":{"line":42,"column":4},"end":{"line":78,"column":5}},"14":{"start":{"line":43,"column":32},"end":{"line":43,"column":40}},"15":{"start":{"line":44,"column":6},"end":{"line":46,"column":7}},"16":{"start":{"line":45,"column":8},"end":{"line":45,"column":67}},"17":{"start":{"line":47,"column":6},"end":{"line":49,"column":7}},"18":{"start":{"line":48,"column":8},"end":{"line":48,"column":70}},"19":{"start":{"line":51,"column":23},"end":{"line":54,"column":8}},"20":{"start":{"line":56,"column":6},"end":{"line":58,"column":7}},"21":{"start":{"line":57,"column":8},"end":{"line":57,"column":38}},"22":{"start":{"line":60,"column":28},"end":{"line":60,"column":72}},"23":{"start":{"line":61,"column":6},"end":{"line":63,"column":7}},"24":{"start":{"line":62,"column":8},"end":{"line":62,"column":38}},"25":{"start":{"line":64,"column":22},"end":{"line":66,"column":7}},"26":{"start":{"line":67,"column":27},"end":{"line":67,"column":47}},"27":{"start":{"line":69,"column":6},"end":{"line":69,"column":42}},"28":{"start":{"line":71,"column":6},"end":{"line":74,"column":9}},"29":{"start":{"line":77,"column":6},"end":{"line":77,"column":16}},"30":{"start":{"line":82,"column":4},"end":{"line":91,"column":5}},"31":{"start":{"line":83,"column":24},"end":{"line":85,"column":8}},"32":{"start":{"line":87,"column":6},"end":{"line":87,"column":38}},"33":{"start":{"line":90,"column":6},"end":{"line":90,"column":16}},"34":{"start":{"line":95,"column":4},"end":{"line":111,"column":5}},"35":{"start":{"line":96,"column":30},"end":{"line":96,"column":63}},"36":{"start":{"line":98,"column":6},"end":{"line":101,"column":7}},"37":{"start":{"line":99,"column":21},"end":{"line":99,"column":48}},"38":{"start":{"line":100,"column":8},"end":{"line":100,"column":42}},"39":{"start":{"line":102,"column":25},"end":{"line":102,"column":49}},"40":{"start":{"line":104,"column":31},"end":{"line":104,"column":57}},"41":{"start":{"line":105,"column":6},"end":{"line":105,"column":58}},"42":{"start":{"line":107,"column":6},"end":{"line":107,"column":39}},"43":{"start":{"line":110,"column":6},"end":{"line":110,"column":18}},"44":{"start":{"line":115,"column":4},"end":{"line":131,"column":5}},"45":{"start":{"line":116,"column":23},"end":{"line":116,"column":31}},"46":{"start":{"line":118,"column":26},"end":{"line":120,"column":8}},"47":{"start":{"line":122,"column":6},"end":{"line":122,"column":40}},"48":{"start":{"line":124,"column":6},"end":{"line":127,"column":9}},"49":{"start":{"line":130,"column":6},"end":{"line":130,"column":18}},"50":{"start":{"line":135,"column":4},"end":{"line":161,"column":5}},"51":{"start":{"line":136,"column":31},"end":{"line":136,"column":40}},"52":{"start":{"line":138,"column":6},"end":{"line":138,"column":28}},"53":{"start":{"line":140,"column":16},"end":{"line":148,"column":7}},"54":{"start":{"line":150,"column":6},"end":{"line":153,"column":7}},"55":{"start":{"line":151,"column":8},"end":{"line":151,"column":38}},"56":{"start":{"line":152,"column":8},"end":{"line":152,"column":33}},"57":{"start":{"line":155,"column":22},"end":{"line":155,"column":47}},"58":{"start":{"line":157,"column":6},"end":{"line":157,"column":36}},"59":{"start":{"line":160,"column":6},"end":{"line":160,"column":18}},"60":{"start":{"line":165,"column":4},"end":{"line":184,"column":5}},"61":{"start":{"line":166,"column":21},"end":{"line":166,"column":31}},"62":{"start":{"line":168,"column":21},"end":{"line":174,"column":8}},"63":{"start":{"line":176,"column":6},"end":{"line":178,"column":7}},"64":{"start":{"line":177,"column":8},"end":{"line":177,"column":65}},"65":{"start":{"line":180,"column":6},"end":{"line":180,"column":35}},"66":{"start":{"line":183,"column":6},"end":{"line":183,"column":18}},"67":{"start":{"line":284,"column":4},"end":{"line":301,"column":5}},"68":{"start":{"line":285,"column":45},"end":{"line":285,"column":53}},"69":{"start":{"line":286,"column":27},"end":{"line":290,"column":8}},"70":{"start":{"line":291,"column":17},"end":{"line":295,"column":7}},"71":{"start":{"line":296,"column":6},"end":{"line":296,"column":42}},"72":{"start":{"line":297,"column":6},"end":{"line":297,"column":33}},"73":{"start":{"line":300,"column":6},"end":{"line":300,"column":16}},"74":{"start":{"line":305,"column":4},"end":{"line":324,"column":5}},"75":{"start":{"line":306,"column":33},"end":{"line":306,"column":68}},"76":{"start":{"line":312,"column":28},"end":{"line":315,"column":8}},"77":{"start":{"line":317,"column":34},"end":{"line":317,"column":63}},"78":{"start":{"line":318,"column":6},"end":{"line":318,"column":64}},"79":{"start":{"line":320,"column":6},"end":{"line":320,"column":42}},"80":{"start":{"line":323,"column":6},"end":{"line":323,"column":16}},"81":{"start":{"line":397,"column":4},"end":{"line":409,"column":5}},"82":{"start":{"line":398,"column":21},"end":{"line":403,"column":8}},"83":{"start":{"line":405,"column":6},"end":{"line":405,"column":35}},"84":{"start":{"line":408,"column":6},"end":{"line":408,"column":16}},"85":{"start":{"line":413,"column":4},"end":{"line":547,"column":5}},"86":{"start":{"line":414,"column":21},"end":{"line":414,"column":29}},"87":{"start":{"line":427,"column":6},"end":{"line":429,"column":7}},"88":{"start":{"line":428,"column":8},"end":{"line":428,"column":67}},"89":{"start":{"line":430,"column":6},"end":{"line":432,"column":7}},"90":{"start":{"line":431,"column":8},"end":{"line":431,"column":67}},"91":{"start":{"line":434,"column":19},"end":{"line":441,"column":17}},"92":{"start":{"line":442,"column":22},"end":{"line":442,"column":76}},"93":{"start":{"line":443,"column":30},"end":{"line":443,"column":32}},"94":{"start":{"line":444,"column":22},"end":{"line":444,"column":24}},"95":{"start":{"line":445,"column":6},"end":{"line":466,"column":9}},"96":{"start":{"line":446,"column":8},"end":{"line":448,"column":9}},"97":{"start":{"line":447,"column":10},"end":{"line":447,"column":69}},"98":{"start":{"line":449,"column":8},"end":{"line":451,"column":9}},"99":{"start":{"line":450,"column":10},"end":{"line":450,"column":72}},"100":{"start":{"line":452,"column":8},"end":{"line":454,"column":9}},"101":{"start":{"line":453,"column":10},"end":{"line":453,"column":76}},"102":{"start":{"line":455,"column":8},"end":{"line":460,"column":11}},"103":{"start":{"line":461,"column":8},"end":{"line":461,"column":36}},"104":{"start":{"line":462,"column":8},"end":{"line":462,"column":27}},"105":{"start":{"line":463,"column":8},"end":{"line":463,"column":29}},"106":{"start":{"line":464,"column":8},"end":{"line":464,"column":49}},"107":{"start":{"line":465,"column":8},"end":{"line":465,"column":18}},"108":{"start":{"line":468,"column":26},"end":{"line":473,"column":8}},"109":{"start":{"line":475,"column":6},"end":{"line":482,"column":9}},"110":{"start":{"line":476,"column":8},"end":{"line":481,"column":9}},"111":{"start":{"line":477,"column":10},"end":{"line":480,"column":12}},"112":{"start":{"line":484,"column":23},"end":{"line":489,"column":8}},"113":{"start":{"line":491,"column":6},"end":{"line":491,"column":41}},"114":{"start":{"line":492,"column":27},"end":{"line":501,"column":8}},"115":{"start":{"line":503,"column":27},"end":{"line":503,"column":29}},"116":{"start":{"line":504,"column":23},"end":{"line":504,"column":24}},"117":{"start":{"line":505,"column":6},"end":{"line":508,"column":9}},"118":{"start":{"line":506,"column":8},"end":{"line":506,"column":46}},"119":{"start":{"line":507,"column":8},"end":{"line":507,"column":60}},"120":{"start":{"line":510,"column":6},"end":{"line":517,"column":9}},"121":{"start":{"line":511,"column":8},"end":{"line":515,"column":11}},"122":{"start":{"line":512,"column":10},"end":{"line":514,"column":11}},"123":{"start":{"line":513,"column":12},"end":{"line":513,"column":33}},"124":{"start":{"line":516,"column":8},"end":{"line":516,"column":18}},"125":{"start":{"line":518,"column":6},"end":{"line":518,"column":64}},"126":{"start":{"line":520,"column":6},"end":{"line":525,"column":8}},"127":{"start":{"line":527,"column":27},"end":{"line":529,"column":8}},"128":{"start":{"line":531,"column":6},"end":{"line":538,"column":8}},"129":{"start":{"line":540,"column":6},"end":{"line":543,"column":9}},"130":{"start":{"line":545,"column":6},"end":{"line":545,"column":48}},"131":{"start":{"line":546,"column":6},"end":{"line":546,"column":18}},"132":{"start":{"line":551,"column":4},"end":{"line":584,"column":5}},"133":{"start":{"line":552,"column":22},"end":{"line":552,"column":35}},"134":{"start":{"line":553,"column":20},"end":{"line":558,"column":8}},"135":{"start":{"line":560,"column":6},"end":{"line":562,"column":7}},"136":{"start":{"line":561,"column":8},"end":{"line":561,"column":64}},"137":{"start":{"line":564,"column":27},"end":{"line":568,"column":8}},"138":{"start":{"line":570,"column":24},"end":{"line":572,"column":8}},"139":{"start":{"line":571,"column":8},"end":{"line":571,"column":27}},"140":{"start":{"line":574,"column":6},"end":{"line":574,"column":54}},"141":{"start":{"line":576,"column":6},"end":{"line":576,"column":77}},"142":{"start":{"line":578,"column":6},"end":{"line":580,"column":9}},"143":{"start":{"line":583,"column":6},"end":{"line":583,"column":18}},"144":{"start":{"line":588,"column":4},"end":{"line":665,"column":5}},"145":{"start":{"line":589,"column":21},"end":{"line":589,"column":31}},"146":{"start":{"line":590,"column":20},"end":{"line":596,"column":8}},"147":{"start":{"line":597,"column":6},"end":{"line":599,"column":7}},"148":{"start":{"line":598,"column":8},"end":{"line":598,"column":64}},"149":{"start":{"line":601,"column":22},"end":{"line":601,"column":46}},"150":{"start":{"line":602,"column":25},"end":{"line":625,"column":8}},"151":{"start":{"line":627,"column":27},"end":{"line":627,"column":29}},"152":{"start":{"line":628,"column":6},"end":{"line":634,"column":9}},"153":{"start":{"line":629,"column":8},"end":{"line":631,"column":11}},"154":{"start":{"line":632,"column":8},"end":{"line":632,"column":44}},"155":{"start":{"line":633,"column":8},"end":{"line":633,"column":18}},"156":{"start":{"line":661,"column":6},"end":{"line":661,"column":68}},"157":{"start":{"line":664,"column":6},"end":{"line":664,"column":18}},"158":{"start":{"line":669,"column":4},"end":{"line":711,"column":5}},"159":{"start":{"line":670,"column":38},"end":{"line":670,"column":46}},"160":{"start":{"line":671,"column":24},"end":{"line":675,"column":8}},"161":{"start":{"line":677,"column":6},"end":{"line":679,"column":7}},"162":{"start":{"line":678,"column":8},"end":{"line":678,"column":64}},"163":{"start":{"line":681,"column":6},"end":{"line":686,"column":7}},"164":{"start":{"line":682,"column":8},"end":{"line":685,"column":10}},"165":{"start":{"line":688,"column":17},"end":{"line":691,"column":8}},"166":{"start":{"line":693,"column":22},"end":{"line":704,"column":7}},"167":{"start":{"line":706,"column":29},"end":{"line":706,"column":68}},"168":{"start":{"line":707,"column":6},"end":{"line":707,"column":43}},"169":{"start":{"line":709,"column":6},"end":{"line":709,"column":62}},"170":{"start":{"line":710,"column":6},"end":{"line":710,"column":18}},"171":{"start":{"line":715,"column":4},"end":{"line":814,"column":5}},"172":{"start":{"line":716,"column":29},"end":{"line":716,"column":37}},"173":{"start":{"line":718,"column":22},"end":{"line":722,"column":8}},"174":{"start":{"line":724,"column":29},"end":{"line":726,"column":7}},"175":{"start":{"line":727,"column":20},"end":{"line":727,"column":43}},"176":{"start":{"line":728,"column":30},"end":{"line":728,"column":63}},"177":{"start":{"line":729,"column":24},"end":{"line":729,"column":51}},"178":{"start":{"line":731,"column":6},"end":{"line":739,"column":8}},"179":{"start":{"line":741,"column":24},"end":{"line":749,"column":8}},"180":{"start":{"line":755,"column":6},"end":{"line":777,"column":7}},"181":{"start":{"line":756,"column":8},"end":{"line":776,"column":9}},"182":{"start":{"line":757,"column":10},"end":{"line":764,"column":12}},"183":{"start":{"line":773,"column":10},"end":{"line":775,"column":13}},"184":{"start":{"line":813,"column":6},"end":{"line":813,"column":18}},"185":{"start":{"line":817,"column":0},"end":{"line":817,"column":28}}},"fnMap":{"0":{"name":"(anonymous_0)","decl":{"start":{"line":19,"column":2},"end":{"line":19,"column":3}},"loc":{"start":{"line":19,"column":40},"end":{"line":39,"column":3}},"line":19},"1":{"name":"(anonymous_1)","decl":{"start":{"line":41,"column":2},"end":{"line":41,"column":3}},"loc":{"start":{"line":41,"column":37},"end":{"line":79,"column":3}},"line":41},"2":{"name":"(anonymous_2)","decl":{"start":{"line":81,"column":2},"end":{"line":81,"column":3}},"loc":{"start":{"line":81,"column":47},"end":{"line":92,"column":3}},"line":81},"3":{"name":"(anonymous_3)","decl":{"start":{"line":94,"column":2},"end":{"line":94,"column":3}},"loc":{"start":{"line":94,"column":49},"end":{"line":112,"column":3}},"line":94},"4":{"name":"(anonymous_4)","decl":{"start":{"line":114,"column":2},"end":{"line":114,"column":3}},"loc":{"start":{"line":114,"column":43},"end":{"line":132,"column":3}},"line":114},"5":{"name":"(anonymous_5)","decl":{"start":{"line":134,"column":2},"end":{"line":134,"column":3}},"loc":{"start":{"line":134,"column":46},"end":{"line":162,"column":3}},"line":134},"6":{"name":"(anonymous_6)","decl":{"start":{"line":164,"column":2},"end":{"line":164,"column":3}},"loc":{"start":{"line":164,"column":48},"end":{"line":185,"column":3}},"line":164},"7":{"name":"(anonymous_7)","decl":{"start":{"line":283,"column":2},"end":{"line":283,"column":3}},"loc":{"start":{"line":283,"column":50},"end":{"line":302,"column":3}},"line":283},"8":{"name":"(anonymous_8)","decl":{"start":{"line":304,"column":2},"end":{"line":304,"column":3}},"loc":{"start":{"line":304,"column":51},"end":{"line":325,"column":3}},"line":304},"9":{"name":"(anonymous_9)","decl":{"start":{"line":396,"column":2},"end":{"line":396,"column":3}},"loc":{"start":{"line":396,"column":45},"end":{"line":410,"column":3}},"line":396},"10":{"name":"(anonymous_10)","decl":{"start":{"line":412,"column":2},"end":{"line":412,"column":3}},"loc":{"start":{"line":412,"column":40},"end":{"line":548,"column":3}},"line":412},"11":{"name":"(anonymous_11)","decl":{"start":{"line":445,"column":15},"end":{"line":445,"column":16}},"loc":{"start":{"line":445,"column":23},"end":{"line":466,"column":7}},"line":445},"12":{"name":"(anonymous_12)","decl":{"start":{"line":475,"column":26},"end":{"line":475,"column":27}},"loc":{"start":{"line":475,"column":34},"end":{"line":482,"column":7}},"line":475},"13":{"name":"(anonymous_13)","decl":{"start":{"line":505,"column":27},"end":{"line":505,"column":28}},"loc":{"start":{"line":505,"column":35},"end":{"line":508,"column":7}},"line":505},"14":{"name":"(anonymous_14)","decl":{"start":{"line":510,"column":28},"end":{"line":510,"column":29}},"loc":{"start":{"line":510,"column":39},"end":{"line":517,"column":7}},"line":510},"15":{"name":"(anonymous_15)","decl":{"start":{"line":511,"column":31},"end":{"line":511,"column":32}},"loc":{"start":{"line":511,"column":41},"end":{"line":515,"column":9}},"line":511},"16":{"name":"(anonymous_16)","decl":{"start":{"line":550,"column":2},"end":{"line":550,"column":3}},"loc":{"start":{"line":550,"column":43},"end":{"line":585,"column":3}},"line":550},"17":{"name":"(anonymous_17)","decl":{"start":{"line":570,"column":41},"end":{"line":570,"column":42}},"loc":{"start":{"line":570,"column":49},"end":{"line":572,"column":7}},"line":570},"18":{"name":"(anonymous_18)","decl":{"start":{"line":587,"column":2},"end":{"line":587,"column":3}},"loc":{"start":{"line":587,"column":47},"end":{"line":666,"column":3}},"line":587},"19":{"name":"(anonymous_19)","decl":{"start":{"line":628,"column":38},"end":{"line":628,"column":39}},"loc":{"start":{"line":628,"column":46},"end":{"line":634,"column":7}},"line":628},"20":{"name":"(anonymous_20)","decl":{"start":{"line":629,"column":45},"end":{"line":629,"column":46}},"loc":{"start":{"line":629,"column":52},"end":{"line":631,"column":9}},"line":629},"21":{"name":"(anonymous_21)","decl":{"start":{"line":668,"column":2},"end":{"line":668,"column":3}},"loc":{"start":{"line":668,"column":53},"end":{"line":712,"column":3}},"line":668},"22":{"name":"(anonymous_22)","decl":{"start":{"line":714,"column":2},"end":{"line":714,"column":3}},"loc":{"start":{"line":714,"column":51},"end":{"line":815,"column":3}},"line":714}},"branchMap":{"0":{"loc":{"start":{"line":44,"column":6},"end":{"line":46,"column":7}},"type":"if","locations":[{"start":{"line":44,"column":6},"end":{"line":46,"column":7}},{"start":{},"end":{}}],"line":44},"1":{"loc":{"start":{"line":47,"column":6},"end":{"line":49,"column":7}},"type":"if","locations":[{"start":{"line":47,"column":6},"end":{"line":49,"column":7}},{"start":{},"end":{}}],"line":47},"2":{"loc":{"start":{"line":56,"column":6},"end":{"line":58,"column":7}},"type":"if","locations":[{"start":{"line":56,"column":6},"end":{"line":58,"column":7}},{"start":{},"end":{}}],"line":56},"3":{"loc":{"start":{"line":61,"column":6},"end":{"line":63,"column":7}},"type":"if","locations":[{"start":{"line":61,"column":6},"end":{"line":63,"column":7}},{"start":{},"end":{}}],"line":61},"4":{"loc":{"start":{"line":98,"column":6},"end":{"line":101,"column":7}},"type":"if","locations":[{"start":{"line":98,"column":6},"end":{"line":101,"column":7}},{"start":{},"end":{}}],"line":98},"5":{"loc":{"start":{"line":138,"column":15},"end":{"line":138,"column":27}},"type":"binary-expr","locations":[{"start":{"line":138,"column":15},"end":{"line":138,"column":21}},{"start":{"line":138,"column":25},"end":{"line":138,"column":27}}],"line":138},"6":{"loc":{"start":{"line":150,"column":6},"end":{"line":153,"column":7}},"type":"if","locations":[{"start":{"line":150,"column":6},"end":{"line":153,"column":7}},{"start":{},"end":{}}],"line":150},"7":{"loc":{"start":{"line":176,"column":6},"end":{"line":178,"column":7}},"type":"if","locations":[{"start":{"line":176,"column":6},"end":{"line":178,"column":7}},{"start":{},"end":{}}],"line":176},"8":{"loc":{"start":{"line":427,"column":6},"end":{"line":429,"column":7}},"type":"if","locations":[{"start":{"line":427,"column":6},"end":{"line":429,"column":7}},{"start":{},"end":{}}],"line":427},"9":{"loc":{"start":{"line":430,"column":6},"end":{"line":432,"column":7}},"type":"if","locations":[{"start":{"line":430,"column":6},"end":{"line":432,"column":7}},{"start":{},"end":{}}],"line":430},"10":{"loc":{"start":{"line":446,"column":8},"end":{"line":448,"column":9}},"type":"if","locations":[{"start":{"line":446,"column":8},"end":{"line":448,"column":9}},{"start":{},"end":{}}],"line":446},"11":{"loc":{"start":{"line":449,"column":8},"end":{"line":451,"column":9}},"type":"if","locations":[{"start":{"line":449,"column":8},"end":{"line":451,"column":9}},{"start":{},"end":{}}],"line":449},"12":{"loc":{"start":{"line":452,"column":8},"end":{"line":454,"column":9}},"type":"if","locations":[{"start":{"line":452,"column":8},"end":{"line":454,"column":9}},{"start":{},"end":{}}],"line":452},"13":{"loc":{"start":{"line":476,"column":8},"end":{"line":481,"column":9}},"type":"if","locations":[{"start":{"line":476,"column":8},"end":{"line":481,"column":9}},{"start":{},"end":{}}],"line":476},"14":{"loc":{"start":{"line":512,"column":10},"end":{"line":514,"column":11}},"type":"if","locations":[{"start":{"line":512,"column":10},"end":{"line":514,"column":11}},{"start":{},"end":{}}],"line":512},"15":{"loc":{"start":{"line":560,"column":6},"end":{"line":562,"column":7}},"type":"if","locations":[{"start":{"line":560,"column":6},"end":{"line":562,"column":7}},{"start":{},"end":{}}],"line":560},"16":{"loc":{"start":{"line":597,"column":6},"end":{"line":599,"column":7}},"type":"if","locations":[{"start":{"line":597,"column":6},"end":{"line":599,"column":7}},{"start":{},"end":{}}],"line":597},"17":{"loc":{"start":{"line":677,"column":6},"end":{"line":679,"column":7}},"type":"if","locations":[{"start":{"line":677,"column":6},"end":{"line":679,"column":7}},{"start":{},"end":{}}],"line":677},"18":{"loc":{"start":{"line":681,"column":6},"end":{"line":686,"column":7}},"type":"if","locations":[{"start":{"line":681,"column":6},"end":{"line":686,"column":7}},{"start":{},"end":{}}],"line":681},"19":{"loc":{"start":{"line":755,"column":6},"end":{"line":777,"column":7}},"type":"if","locations":[{"start":{"line":755,"column":6},"end":{"line":777,"column":7}},{"start":{},"end":{}}],"line":755},"20":{"loc":{"start":{"line":756,"column":8},"end":{"line":776,"column":9}},"type":"if","locations":[{"start":{"line":756,"column":8},"end":{"line":776,"column":9}},{"start":{},"end":{}}],"line":756}},"s":{"0":2,"1":2,"2":2,"3":2,"4":2,"5":2,"6":9,"7":9,"8":9,"9":1,"10":1,"11":8,"12":8,"13":6,"14":6,"15":6,"16":1,"17":5,"18":1,"19":4,"20":4,"21":1,"22":3,"23":3,"24":1,"25":2,"26":2,"27":2,"28":2,"29":4,"30":1,"31":1,"32":1,"33":0,"34":3,"35":3,"36":3,"37":1,"38":1,"39":2,"40":2,"41":2,"42":2,"43":0,"44":3,"45":3,"46":3,"47":1,"48":1,"49":2,"50":2,"51":2,"52":2,"53":2,"54":2,"55":1,"56":1,"57":2,"58":2,"59":0,"60":3,"61":3,"62":3,"63":2,"64":1,"65":1,"66":2,"67":7,"68":7,"69":7,"70":1,"71":1,"72":1,"73":6,"74":1,"75":1,"76":1,"77":1,"78":1,"79":1,"80":0,"81":1,"82":1,"83":1,"84":0,"85":10,"86":10,"87":10,"88":2,"89":8,"90":1,"91":7,"92":7,"93":7,"94":7,"95":7,"96":9,"97":1,"98":8,"99":2,"100":6,"101":2,"102":4,"103":4,"104":4,"105":4,"106":4,"107":4,"108":2,"109":2,"110":3,"111":1,"112":1,"113":1,"114":1,"115":1,"116":1,"117":1,"118":2,"119":2,"120":1,"121":2,"122":4,"123":2,"124":2,"125":1,"126":1,"127":1,"128":1,"129":1,"130":9,"131":9,"132":2,"133":2,"134":2,"135":2,"136":1,"137":1,"138":1,"139":2,"140":1,"141":1,"142":1,"143":1,"144":3,"145":3,"146":3,"147":3,"148":2,"149":1,"150":1,"151":1,"152":1,"153":2,"154":2,"155":2,"156":1,"157":2,"158":3,"159":3,"160":3,"161":3,"162":1,"163":2,"164":1,"165":1,"166":1,"167":1,"168":1,"169":2,"170":2,"171":1,"172":1,"173":1,"174":1,"175":1,"176":1,"177":1,"178":1,"179":1,"180":1,"181":1,"182":1,"183":1,"184":0,"185":2},"f":{"0":9,"1":6,"2":1,"3":3,"4":3,"5":2,"6":3,"7":7,"8":1,"9":1,"10":10,"11":9,"12":3,"13":2,"14":2,"15":4,"16":2,"17":2,"18":3,"19":2,"20":0,"21":3,"22":1},"b":{"0":[1,5],"1":[1,4],"2":[1,3],"3":[1,2],"4":[1,2],"5":[2,2],"6":[1,1],"7":[1,1],"8":[2,8],"9":[1,7],"10":[1,8],"11":[2,6],"12":[2,4],"13":[1,2],"14":[2,2],"15":[1,1],"16":[2,1],"17":[1,2],"18":[1,1],"19":[1,0],"20":[1,0]},"_coverageSchema":"1a1c01bbd47fc00a2c39e90264f33305004495a9","hash":"e6fcaf3c64594bae57790ccb7eb0fbd82d889db6"}
,"C:\\Users\\fatah\\OneDrive\\Desktop\\Backend\\helpers\\bcryptjs.js": {"path":"C:\\Users\\fatah\\OneDrive\\Desktop\\Backend\\helpers\\bcryptjs.js","statementMap":{"0":{"start":{"line":1,"column":17},"end":{"line":1,"column":37}},"1":{"start":{"line":3,"column":21},"end":{"line":3,"column":65}},"2":{"start":{"line":3,"column":35},"end":{"line":3,"column":65}},"3":{"start":{"line":4,"column":24},"end":{"line":4,"column":92}},"4":{"start":{"line":4,"column":50},"end":{"line":4,"column":92}},"5":{"start":{"line":6,"column":0},"end":{"line":9,"column":1}}},"fnMap":{"0":{"name":"(anonymous_0)","decl":{"start":{"line":3,"column":21},"end":{"line":3,"column":22}},"loc":{"start":{"line":3,"column":35},"end":{"line":3,"column":65}},"line":3},"1":{"name":"(anonymous_1)","decl":{"start":{"line":4,"column":24},"end":{"line":4,"column":25}},"loc":{"start":{"line":4,"column":50},"end":{"line":4,"column":92}},"line":4}},"branchMap":{},"s":{"0":2,"1":2,"2":5,"3":2,"4":3,"5":2},"f":{"0":5,"1":3},"b":{},"_coverageSchema":"1a1c01bbd47fc00a2c39e90264f33305004495a9","hash":"943423cd84438ff5ffc3d9c3c8b11341ed40d26f"}
,"C:\\Users\\fatah\\OneDrive\\Desktop\\Backend\\helpers\\jwt.js": {"path":"C:\\Users\\fatah\\OneDrive\\Desktop\\Backend\\helpers\\jwt.js","statementMap":{"0":{"start":{"line":1,"column":12},"end":{"line":1,"column":35}},"1":{"start":{"line":2,"column":19},"end":{"line":2,"column":44}},"2":{"start":{"line":4,"column":20},"end":{"line":4,"column":60}},"3":{"start":{"line":4,"column":31},"end":{"line":4,"column":60}},"4":{"start":{"line":5,"column":20},"end":{"line":5,"column":62}},"5":{"start":{"line":5,"column":33},"end":{"line":5,"column":62}},"6":{"start":{"line":21,"column":0},"end":{"line":21,"column":62}}},"fnMap":{"0":{"name":"(anonymous_0)","decl":{"start":{"line":4,"column":20},"end":{"line":4,"column":21}},"loc":{"start":{"line":4,"column":31},"end":{"line":4,"column":60}},"line":4},"1":{"name":"(anonymous_1)","decl":{"start":{"line":5,"column":20},"end":{"line":5,"column":21}},"loc":{"start":{"line":5,"column":33},"end":{"line":5,"column":62}},"line":5},"2":{"name":"createTokenPdf","decl":{"start":{"line":7,"column":9},"end":{"line":7,"column":23}},"loc":{"start":{"line":7,"column":26},"end":{"line":19,"column":1}},"line":7}},"branchMap":{},"s":{"0":2,"1":2,"2":2,"3":26,"4":2,"5":2,"6":2},"f":{"0":26,"1":2,"2":0},"b":{},"_coverageSchema":"1a1c01bbd47fc00a2c39e90264f33305004495a9","hash":"a4ab11f63991258a8df92da8bf0783c54f188791"}
,"C:\\Users\\fatah\\OneDrive\\Desktop\\Backend\\middlewares\\authentication.js": {"path":"C:\\Users\\fatah\\OneDrive\\Desktop\\Backend\\middlewares\\authentication.js","statementMap":{"0":{"start":{"line":1,"column":21},"end":{"line":1,"column":41}},"1":{"start":{"line":2,"column":24},"end":{"line":2,"column":49}},"2":{"start":{"line":5,"column":2},"end":{"line":26,"column":3}},"3":{"start":{"line":6,"column":27},"end":{"line":6,"column":38}},"4":{"start":{"line":7,"column":4},"end":{"line":9,"column":5}},"5":{"start":{"line":8,"column":6},"end":{"line":8,"column":39}},"6":{"start":{"line":10,"column":20},"end":{"line":10,"column":45}},"7":{"start":{"line":12,"column":25},"end":{"line":12,"column":60}},"8":{"start":{"line":13,"column":4},"end":{"line":15,"column":5}},"9":{"start":{"line":14,"column":6},"end":{"line":14,"column":39}},"10":{"start":{"line":17,"column":4},"end":{"line":21,"column":5}},"11":{"start":{"line":22,"column":4},"end":{"line":22,"column":10}},"12":{"start":{"line":24,"column":4},"end":{"line":24,"column":49}},"13":{"start":{"line":25,"column":4},"end":{"line":25,"column":13}},"14":{"start":{"line":29,"column":0},"end":{"line":29,"column":35}}},"fnMap":{"0":{"name":"authentication","decl":{"start":{"line":4,"column":15},"end":{"line":4,"column":29}},"loc":{"start":{"line":4,"column":47},"end":{"line":27,"column":1}},"line":4}},"branchMap":{"0":{"loc":{"start":{"line":7,"column":4},"end":{"line":9,"column":5}},"type":"if","locations":[{"start":{"line":7,"column":4},"end":{"line":9,"column":5}},{"start":{},"end":{}}],"line":7},"1":{"loc":{"start":{"line":13,"column":4},"end":{"line":15,"column":5}},"type":"if","locations":[{"start":{"line":13,"column":4},"end":{"line":15,"column":5}},{"start":{},"end":{}}],"line":13}},"s":{"0":2,"1":2,"2":28,"3":28,"4":28,"5":2,"6":26,"7":22,"8":22,"9":1,"10":21,"11":21,"12":7,"13":7,"14":2},"f":{"0":28},"b":{"0":[2,26],"1":[1,21]},"_coverageSchema":"1a1c01bbd47fc00a2c39e90264f33305004495a9","hash":"f1caa8bc2cf8b2583c6fa73b876065ac1d91a352"}
,"C:\\Users\\fatah\\OneDrive\\Desktop\\Backend\\middlewares\\errorhandler.js": {"path":"C:\\Users\\fatah\\OneDrive\\Desktop\\Backend\\middlewares\\errorhandler.js","statementMap":{"0":{"start":{"line":2,"column":15},"end":{"line":2,"column":18}},"1":{"start":{"line":3,"column":16},"end":{"line":3,"column":39}},"2":{"start":{"line":7,"column":2},"end":{"line":37,"column":3}},"3":{"start":{"line":11,"column":4},"end":{"line":11,"column":17}},"4":{"start":{"line":12,"column":4},"end":{"line":12,"column":36}},"5":{"start":{"line":13,"column":9},"end":{"line":37,"column":3}},"6":{"start":{"line":14,"column":4},"end":{"line":14,"column":17}},"7":{"start":{"line":15,"column":4},"end":{"line":15,"column":26}},"8":{"start":{"line":16,"column":9},"end":{"line":37,"column":3}},"9":{"start":{"line":17,"column":4},"end":{"line":17,"column":17}},"10":{"start":{"line":18,"column":4},"end":{"line":18,"column":26}},"11":{"start":{"line":19,"column":9},"end":{"line":37,"column":3}},"12":{"start":{"line":23,"column":4},"end":{"line":23,"column":17}},"13":{"start":{"line":24,"column":4},"end":{"line":24,"column":30}},"14":{"start":{"line":25,"column":9},"end":{"line":37,"column":3}},"15":{"start":{"line":26,"column":4},"end":{"line":26,"column":17}},"16":{"start":{"line":27,"column":4},"end":{"line":27,"column":39}},"17":{"start":{"line":28,"column":9},"end":{"line":37,"column":3}},"18":{"start":{"line":29,"column":4},"end":{"line":29,"column":17}},"19":{"start":{"line":30,"column":4},"end":{"line":30,"column":26}},"20":{"start":{"line":31,"column":9},"end":{"line":37,"column":3}},"21":{"start":{"line":32,"column":4},"end":{"line":32,"column":24}},"22":{"start":{"line":33,"column":4},"end":{"line":33,"column":26}},"23":{"start":{"line":34,"column":9},"end":{"line":37,"column":3}},"24":{"start":{"line":35,"column":4},"end":{"line":35,"column":32}},"25":{"start":{"line":36,"column":4},"end":{"line":36,"column":48}},"26":{"start":{"line":39,"column":2},"end":{"line":39,"column":39}},"27":{"start":{"line":42,"column":0},"end":{"line":42,"column":30}}},"fnMap":{"0":{"name":"errorHandler","decl":{"start":{"line":1,"column":9},"end":{"line":1,"column":21}},"loc":{"start":{"line":1,"column":43},"end":{"line":40,"column":1}},"line":1}},"branchMap":{"0":{"loc":{"start":{"line":7,"column":2},"end":{"line":37,"column":3}},"type":"if","locations":[{"start":{"line":7,"column":2},"end":{"line":37,"column":3}},{"start":{"line":13,"column":9},"end":{"line":37,"column":3}}],"line":7},"1":{"loc":{"start":{"line":8,"column":4},"end":{"line":9,"column":49}},"type":"binary-expr","locations":[{"start":{"line":8,"column":4},"end":{"line":8,"column":43}},{"start":{"line":9,"column":4},"end":{"line":9,"column":49}}],"line":8},"2":{"loc":{"start":{"line":13,"column":9},"end":{"line":37,"column":3}},"type":"if","locations":[{"start":{"line":13,"column":9},"end":{"line":37,"column":3}},{"start":{"line":16,"column":9},"end":{"line":37,"column":3}}],"line":13},"3":{"loc":{"start":{"line":16,"column":9},"end":{"line":37,"column":3}},"type":"if","locations":[{"start":{"line":16,"column":9},"end":{"line":37,"column":3}},{"start":{"line":19,"column":9},"end":{"line":37,"column":3}}],"line":16},"4":{"loc":{"start":{"line":19,"column":9},"end":{"line":37,"column":3}},"type":"if","locations":[{"start":{"line":19,"column":9},"end":{"line":37,"column":3}},{"start":{"line":25,"column":9},"end":{"line":37,"column":3}}],"line":19},"5":{"loc":{"start":{"line":20,"column":4},"end":{"line":21,"column":36}},"type":"binary-expr","locations":[{"start":{"line":20,"column":4},"end":{"line":20,"column":34}},{"start":{"line":21,"column":4},"end":{"line":21,"column":36}}],"line":20},"6":{"loc":{"start":{"line":25,"column":9},"end":{"line":37,"column":3}},"type":"if","locations":[{"start":{"line":25,"column":9},"end":{"line":37,"column":3}},{"start":{"line":28,"column":9},"end":{"line":37,"column":3}}],"line":25},"7":{"loc":{"start":{"line":28,"column":9},"end":{"line":37,"column":3}},"type":"if","locations":[{"start":{"line":28,"column":9},"end":{"line":37,"column":3}},{"start":{"line":31,"column":9},"end":{"line":37,"column":3}}],"line":28},"8":{"loc":{"start":{"line":31,"column":9},"end":{"line":37,"column":3}},"type":"if","locations":[{"start":{"line":31,"column":9},"end":{"line":37,"column":3}},{"start":{"line":34,"column":9},"end":{"line":37,"column":3}}],"line":31},"9":{"loc":{"start":{"line":34,"column":9},"end":{"line":37,"column":3}},"type":"if","locations":[{"start":{"line":34,"column":9},"end":{"line":37,"column":3}},{"start":{},"end":{}}],"line":34}},"s":{"0":43,"1":43,"2":43,"3":16,"4":16,"5":27,"6":2,"7":2,"8":25,"9":1,"10":1,"11":24,"12":7,"13":7,"14":17,"15":2,"16":2,"17":15,"18":14,"19":14,"20":1,"21":0,"22":0,"23":1,"24":0,"25":0,"26":43,"27":2},"f":{"0":43},"b":{"0":[16,27],"1":[43,27],"2":[2,25],"3":[1,24],"4":[7,17],"5":[24,21],"6":[2,15],"7":[14,1],"8":[0,1],"9":[0,1]},"_coverageSchema":"1a1c01bbd47fc00a2c39e90264f33305004495a9","hash":"70c741921e2277de9b3f4200c68111af503e321c"}
,"C:\\Users\\fatah\\OneDrive\\Desktop\\Backend\\models\\category.js": {"path":"C:\\Users\\fatah\\OneDrive\\Desktop\\Backend\\models\\category.js","statementMap":{"0":{"start":{"line":2,"column":18},"end":{"line":2,"column":38}},"1":{"start":{"line":3,"column":0},"end":{"line":36,"column":2}},"2":{"start":{"line":12,"column":6},"end":{"line":12,"column":68}},"3":{"start":{"line":15,"column":2},"end":{"line":34,"column":4}},"4":{"start":{"line":35,"column":2},"end":{"line":35,"column":18}}},"fnMap":{"0":{"name":"(anonymous_0)","decl":{"start":{"line":3,"column":17},"end":{"line":3,"column":18}},"loc":{"start":{"line":3,"column":43},"end":{"line":36,"column":1}},"line":3},"1":{"name":"(anonymous_1)","decl":{"start":{"line":10,"column":4},"end":{"line":10,"column":5}},"loc":{"start":{"line":10,"column":29},"end":{"line":13,"column":5}},"line":10}},"branchMap":{},"s":{"0":2,"1":2,"2":2,"3":2,"4":2},"f":{"0":2,"1":2},"b":{},"_coverageSchema":"1a1c01bbd47fc00a2c39e90264f33305004495a9","hash":"cd30e4a4141b83d397836581a5b6834081ff1212"}
,"C:\\Users\\fatah\\OneDrive\\Desktop\\Backend\\models\\customer.js": {"path":"C:\\Users\\fatah\\OneDrive\\Desktop\\Backend\\models\\customer.js","statementMap":{"0":{"start":{"line":2,"column":18},"end":{"line":2,"column":38}},"1":{"start":{"line":3,"column":25},"end":{"line":3,"column":55}},"2":{"start":{"line":5,"column":0},"end":{"line":96,"column":2}},"3":{"start":{"line":8,"column":6},"end":{"line":8,"column":67}},"4":{"start":{"line":11,"column":2},"end":{"line":94,"column":4}},"5":{"start":{"line":54,"column":12},"end":{"line":56,"column":13}},"6":{"start":{"line":55,"column":14},"end":{"line":55,"column":71}},"7":{"start":{"line":88,"column":10},"end":{"line":88,"column":62}},"8":{"start":{"line":95,"column":2},"end":{"line":95,"column":18}}},"fnMap":{"0":{"name":"(anonymous_0)","decl":{"start":{"line":5,"column":17},"end":{"line":5,"column":18}},"loc":{"start":{"line":5,"column":43},"end":{"line":96,"column":1}},"line":5},"1":{"name":"(anonymous_1)","decl":{"start":{"line":7,"column":4},"end":{"line":7,"column":5}},"loc":{"start":{"line":7,"column":29},"end":{"line":9,"column":5}},"line":7},"2":{"name":"(anonymous_2)","decl":{"start":{"line":53,"column":10},"end":{"line":53,"column":11}},"loc":{"start":{"line":53,"column":34},"end":{"line":57,"column":11}},"line":53},"3":{"name":"(anonymous_3)","decl":{"start":{"line":87,"column":22},"end":{"line":87,"column":23}},"loc":{"start":{"line":87,"column":36},"end":{"line":89,"column":9}},"line":87}},"branchMap":{"0":{"loc":{"start":{"line":54,"column":12},"end":{"line":56,"column":13}},"type":"if","locations":[{"start":{"line":54,"column":12},"end":{"line":56,"column":13}},{"start":{},"end":{}}],"line":54},"1":{"loc":{"start":{"line":54,"column":16},"end":{"line":54,"column":58}},"type":"binary-expr","locations":[{"start":{"line":54,"column":16},"end":{"line":54,"column":35}},{"start":{"line":54,"column":39},"end":{"line":54,"column":58}}],"line":54}},"s":{"0":2,"1":2,"2":2,"3":2,"4":2,"5":8,"6":1,"7":1,"8":2},"f":{"0":2,"1":2,"2":8,"3":1},"b":{"0":[1,7],"1":[8,2]},"_coverageSchema":"1a1c01bbd47fc00a2c39e90264f33305004495a9","hash":"54119d9a9be54291a7b8fc6a118e1826234f3f45"}
,"C:\\Users\\fatah\\OneDrive\\Desktop\\Backend\\models\\index.js": {"path":"C:\\Users\\fatah\\OneDrive\\Desktop\\Backend\\models\\index.js","statementMap":{"0":{"start":{"line":3,"column":11},"end":{"line":3,"column":24}},"1":{"start":{"line":4,"column":13},"end":{"line":4,"column":28}},"2":{"start":{"line":5,"column":18},"end":{"line":5,"column":38}},"3":{"start":{"line":6,"column":16},"end":{"line":6,"column":34}},"4":{"start":{"line":7,"column":17},"end":{"line":7,"column":42}},"5":{"start":{"line":8,"column":12},"end":{"line":8,"column":49}},"6":{"start":{"line":9,"column":15},"end":{"line":9,"column":65}},"7":{"start":{"line":10,"column":11},"end":{"line":10,"column":13}},"8":{"start":{"line":13,"column":0},"end":{"line":17,"column":1}},"9":{"start":{"line":14,"column":2},"end":{"line":14,"column":74}},"10":{"start":{"line":16,"column":2},"end":{"line":16,"column":87}},"11":{"start":{"line":19,"column":0},"end":{"line":32,"column":5}},"12":{"start":{"line":22,"column":4},"end":{"line":27,"column":6}},"13":{"start":{"line":30,"column":18},"end":{"line":30,"column":85}},"14":{"start":{"line":31,"column":4},"end":{"line":31,"column":27}},"15":{"start":{"line":34,"column":0},"end":{"line":38,"column":3}},"16":{"start":{"line":35,"column":2},"end":{"line":37,"column":3}},"17":{"start":{"line":36,"column":4},"end":{"line":36,"column":32}},"18":{"start":{"line":40,"column":0},"end":{"line":40,"column":25}},"19":{"start":{"line":41,"column":0},"end":{"line":41,"column":25}},"20":{"start":{"line":43,"column":0},"end":{"line":43,"column":20}}},"fnMap":{"0":{"name":"(anonymous_0)","decl":{"start":{"line":21,"column":10},"end":{"line":21,"column":11}},"loc":{"start":{"line":21,"column":18},"end":{"line":28,"column":3}},"line":21},"1":{"name":"(anonymous_1)","decl":{"start":{"line":29,"column":11},"end":{"line":29,"column":12}},"loc":{"start":{"line":29,"column":19},"end":{"line":32,"column":3}},"line":29},"2":{"name":"(anonymous_2)","decl":{"start":{"line":34,"column":24},"end":{"line":34,"column":25}},"loc":{"start":{"line":34,"column":37},"end":{"line":38,"column":1}},"line":34}},"branchMap":{"0":{"loc":{"start":{"line":8,"column":12},"end":{"line":8,"column":49}},"type":"binary-expr","locations":[{"start":{"line":8,"column":12},"end":{"line":8,"column":32}},{"start":{"line":8,"column":36},"end":{"line":8,"column":49}}],"line":8},"1":{"loc":{"start":{"line":13,"column":0},"end":{"line":17,"column":1}},"type":"if","locations":[{"start":{"line":13,"column":0},"end":{"line":17,"column":1}},{"start":{"line":15,"column":7},"end":{"line":17,"column":1}}],"line":13},"2":{"loc":{"start":{"line":23,"column":6},"end":{"line":26,"column":37}},"type":"binary-expr","locations":[{"start":{"line":23,"column":6},"end":{"line":23,"column":29}},{"start":{"line":24,"column":6},"end":{"line":24,"column":23}},{"start":{"line":25,"column":6},"end":{"line":25,"column":30}},{"start":{"line":26,"column":6},"end":{"line":26,"column":37}}],"line":23},"3":{"loc":{"start":{"line":35,"column":2},"end":{"line":37,"column":3}},"type":"if","locations":[{"start":{"line":35,"column":2},"end":{"line":37,"column":3}},{"start":{},"end":{}}],"line":35}},"s":{"0":2,"1":2,"2":2,"3":2,"4":2,"5":2,"6":2,"7":2,"8":2,"9":0,"10":2,"11":2,"12":18,"13":16,"14":16,"15":2,"16":16,"17":16,"18":2,"19":2,"20":2},"f":{"0":18,"1":16,"2":16},"b":{"0":[2,0],"1":[0,2],"2":[18,18,16,16],"3":[16,0]},"_coverageSchema":"1a1c01bbd47fc00a2c39e90264f33305004495a9","hash":"5e5337412b12dcc8171cf3745b632fdbc0141842"}
,"C:\\Users\\fatah\\OneDrive\\Desktop\\Backend\\models\\notification.js": {"path":"C:\\Users\\fatah\\OneDrive\\Desktop\\Backend\\models\\notification.js","statementMap":{"0":{"start":{"line":4,"column":4},"end":{"line":4,"column":24}},"1":{"start":{"line":5,"column":0},"end":{"line":54,"column":2}},"2":{"start":{"line":12,"column":2},"end":{"line":52,"column":5}},"3":{"start":{"line":53,"column":2},"end":{"line":53,"column":22}}},"fnMap":{"0":{"name":"(anonymous_0)","decl":{"start":{"line":5,"column":17},"end":{"line":5,"column":18}},"loc":{"start":{"line":5,"column":43},"end":{"line":54,"column":1}},"line":5},"1":{"name":"(anonymous_1)","decl":{"start":{"line":8,"column":4},"end":{"line":8,"column":5}},"loc":{"start":{"line":8,"column":29},"end":{"line":10,"column":5}},"line":8}},"branchMap":{},"s":{"0":2,"1":2,"2":2,"3":2},"f":{"0":2,"1":2},"b":{},"_coverageSchema":"1a1c01bbd47fc00a2c39e90264f33305004495a9","hash":"5ad561a5c47e4bca994c0e51b576c184c150a61a"}
,"C:\\Users\\fatah\\OneDrive\\Desktop\\Backend\\models\\order.js": {"path":"C:\\Users\\fatah\\OneDrive\\Desktop\\Backend\\models\\order.js","statementMap":{"0":{"start":{"line":2,"column":18},"end":{"line":2,"column":38}},"1":{"start":{"line":3,"column":0},"end":{"line":33,"column":2}},"2":{"start":{"line":12,"column":6},"end":{"line":12,"column":69}},"3":{"start":{"line":13,"column":6},"end":{"line":13,"column":67}},"4":{"start":{"line":16,"column":2},"end":{"line":31,"column":4}},"5":{"start":{"line":32,"column":2},"end":{"line":32,"column":15}}},"fnMap":{"0":{"name":"(anonymous_0)","decl":{"start":{"line":3,"column":17},"end":{"line":3,"column":18}},"loc":{"start":{"line":3,"column":43},"end":{"line":33,"column":1}},"line":3},"1":{"name":"(anonymous_1)","decl":{"start":{"line":10,"column":4},"end":{"line":10,"column":5}},"loc":{"start":{"line":10,"column":29},"end":{"line":14,"column":5}},"line":10}},"branchMap":{},"s":{"0":2,"1":2,"2":2,"3":2,"4":2,"5":2},"f":{"0":2,"1":2},"b":{},"_coverageSchema":"1a1c01bbd47fc00a2c39e90264f33305004495a9","hash":"57b2171dfe5fdab8ab27e3fb8e0159ee7ca43dc3"}
,"C:\\Users\\fatah\\OneDrive\\Desktop\\Backend\\models\\orderdetail.js": {"path":"C:\\Users\\fatah\\OneDrive\\Desktop\\Backend\\models\\orderdetail.js","statementMap":{"0":{"start":{"line":4,"column":4},"end":{"line":4,"column":24}},"1":{"start":{"line":5,"column":0},"end":{"line":23,"column":2}},"2":{"start":{"line":8,"column":6},"end":{"line":8,"column":69}},"3":{"start":{"line":9,"column":6},"end":{"line":9,"column":71}},"4":{"start":{"line":10,"column":6},"end":{"line":10,"column":80}},"5":{"start":{"line":11,"column":6},"end":{"line":11,"column":89}},"6":{"start":{"line":14,"column":2},"end":{"line":21,"column":5}},"7":{"start":{"line":22,"column":2},"end":{"line":22,"column":21}}},"fnMap":{"0":{"name":"(anonymous_0)","decl":{"start":{"line":5,"column":17},"end":{"line":5,"column":18}},"loc":{"start":{"line":5,"column":43},"end":{"line":23,"column":1}},"line":5},"1":{"name":"(anonymous_1)","decl":{"start":{"line":7,"column":4},"end":{"line":7,"column":5}},"loc":{"start":{"line":7,"column":29},"end":{"line":12,"column":5}},"line":7}},"branchMap":{},"s":{"0":2,"1":2,"2":2,"3":2,"4":2,"5":2,"6":2,"7":2},"f":{"0":2,"1":2},"b":{},"_coverageSchema":"1a1c01bbd47fc00a2c39e90264f33305004495a9","hash":"6a2a5927c3cf4d343668cce374bd5cf4f57c3710"}
,"C:\\Users\\fatah\\OneDrive\\Desktop\\Backend\\models\\orderhistory.js": {"path":"C:\\Users\\fatah\\OneDrive\\Desktop\\Backend\\models\\orderhistory.js","statementMap":{"0":{"start":{"line":4,"column":4},"end":{"line":4,"column":24}},"1":{"start":{"line":5,"column":0},"end":{"line":55,"column":2}},"2":{"start":{"line":8,"column":6},"end":{"line":8,"column":81}},"3":{"start":{"line":11,"column":2},"end":{"line":53,"column":5}},"4":{"start":{"line":54,"column":2},"end":{"line":54,"column":22}}},"fnMap":{"0":{"name":"(anonymous_0)","decl":{"start":{"line":5,"column":17},"end":{"line":5,"column":18}},"loc":{"start":{"line":5,"column":43},"end":{"line":55,"column":1}},"line":5},"1":{"name":"(anonymous_1)","decl":{"start":{"line":7,"column":4},"end":{"line":7,"column":5}},"loc":{"start":{"line":7,"column":29},"end":{"line":9,"column":5}},"line":7}},"branchMap":{},"s":{"0":2,"1":2,"2":2,"3":2,"4":2},"f":{"0":2,"1":2},"b":{},"_coverageSchema":"1a1c01bbd47fc00a2c39e90264f33305004495a9","hash":"7af3520bec87a41c5f5b1650e7a292881adcd279"}
,"C:\\Users\\fatah\\OneDrive\\Desktop\\Backend\\models\\qurban.js": {"path":"C:\\Users\\fatah\\OneDrive\\Desktop\\Backend\\models\\qurban.js","statementMap":{"0":{"start":{"line":2,"column":18},"end":{"line":2,"column":38}},"1":{"start":{"line":3,"column":0},"end":{"line":142,"column":2}},"2":{"start":{"line":12,"column":6},"end":{"line":12,"column":70}},"3":{"start":{"line":13,"column":6},"end":{"line":13,"column":69}},"4":{"start":{"line":16,"column":2},"end":{"line":140,"column":4}},"5":{"start":{"line":141,"column":2},"end":{"line":141,"column":16}}},"fnMap":{"0":{"name":"(anonymous_0)","decl":{"start":{"line":3,"column":17},"end":{"line":3,"column":18}},"loc":{"start":{"line":3,"column":43},"end":{"line":142,"column":1}},"line":3},"1":{"name":"(anonymous_1)","decl":{"start":{"line":10,"column":4},"end":{"line":10,"column":5}},"loc":{"start":{"line":10,"column":29},"end":{"line":14,"column":5}},"line":10}},"branchMap":{},"s":{"0":2,"1":2,"2":2,"3":2,"4":2,"5":2},"f":{"0":2,"1":2},"b":{},"_coverageSchema":"1a1c01bbd47fc00a2c39e90264f33305004495a9","hash":"57034e6a1a5d288e4bd908acb4cfbd218ab75edd"}
,"C:\\Users\\fatah\\OneDrive\\Desktop\\Backend\\models\\reforestationdonation.js": {"path":"C:\\Users\\fatah\\OneDrive\\Desktop\\Backend\\models\\reforestationdonation.js","statementMap":{"0":{"start":{"line":4,"column":4},"end":{"line":4,"column":24}},"1":{"start":{"line":5,"column":0},"end":{"line":20,"column":2}},"2":{"start":{"line":8,"column":6},"end":{"line":8,"column":90}},"3":{"start":{"line":11,"column":2},"end":{"line":18,"column":5}},"4":{"start":{"line":19,"column":2},"end":{"line":19,"column":31}}},"fnMap":{"0":{"name":"(anonymous_0)","decl":{"start":{"line":5,"column":17},"end":{"line":5,"column":18}},"loc":{"start":{"line":5,"column":43},"end":{"line":20,"column":1}},"line":5},"1":{"name":"(anonymous_1)","decl":{"start":{"line":7,"column":4},"end":{"line":7,"column":5}},"loc":{"start":{"line":7,"column":29},"end":{"line":9,"column":5}},"line":7}},"branchMap":{},"s":{"0":2,"1":2,"2":2,"3":2,"4":2},"f":{"0":2,"1":2},"b":{},"_coverageSchema":"1a1c01bbd47fc00a2c39e90264f33305004495a9","hash":"22ed15becdea14c6ed8868bd81703ba753df259d"}
,"C:\\Users\\fatah\\OneDrive\\Desktop\\Backend\\routes\\index.js": {"path":"C:\\Users\\fatah\\OneDrive\\Desktop\\Backend\\routes\\index.js","statementMap":{"0":{"start":{"line":1,"column":15},"end":{"line":1,"column":42}},"1":{"start":{"line":2,"column":19},"end":{"line":2,"column":55}},"2":{"start":{"line":3,"column":27},"end":{"line":3,"column":67}},"3":{"start":{"line":9,"column":0},"end":{"line":9,"column":46}},"4":{"start":{"line":10,"column":0},"end":{"line":10,"column":40}},"5":{"start":{"line":11,"column":0},"end":{"line":11,"column":53}},"6":{"start":{"line":13,"column":0},"end":{"line":13,"column":56}},"7":{"start":{"line":14,"column":0},"end":{"line":14,"column":51}},"8":{"start":{"line":16,"column":0},"end":{"line":16,"column":61}},"9":{"start":{"line":20,"column":0},"end":{"line":20,"column":50}},"10":{"start":{"line":21,"column":0},"end":{"line":21,"column":56}},"11":{"start":{"line":29,"column":0},"end":{"line":29,"column":69}},"12":{"start":{"line":31,"column":0},"end":{"line":31,"column":27}},"13":{"start":{"line":33,"column":0},"end":{"line":33,"column":61}},"14":{"start":{"line":35,"column":0},"end":{"line":35,"column":48}},"15":{"start":{"line":36,"column":0},"end":{"line":36,"column":44}},"16":{"start":{"line":37,"column":0},"end":{"line":37,"column":53}},"17":{"start":{"line":38,"column":0},"end":{"line":38,"column":54}},"18":{"start":{"line":40,"column":0},"end":{"line":40,"column":65}},"19":{"start":{"line":42,"column":0},"end":{"line":42,"column":24}}},"fnMap":{},"branchMap":{},"s":{"0":2,"1":2,"2":2,"3":2,"4":2,"5":2,"6":2,"7":2,"8":2,"9":2,"10":2,"11":2,"12":2,"13":2,"14":2,"15":2,"16":2,"17":2,"18":2,"19":2},"f":{},"b":{},"_coverageSchema":"1a1c01bbd47fc00a2c39e90264f33305004495a9","hash":"1a62935539e56fb413a274c151cc200a5abd46f2"}
}
