TN:
SF:app.js
FNF:0
FNH:0
DA:2,2
DA:3,2
DA:6,2
DA:7,2
DA:8,2
DA:9,2
DA:10,2
DA:11,2
DA:13,2
DA:14,2
DA:15,2
DA:16,2
DA:17,2
DA:23,2
LF:14
LH:14
BRDA:2,0,0,2
BRDA:2,0,1,0
BRDA:10,1,0,2
BRDA:10,1,1,2
BRF:4
BRH:3
end_of_record
TN:
SF:config\redis.js
FNF:0
FNH:0
DA:1,2
DA:3,2
DA:4,2
DA:6,2
LF:4
LH:4
BRF:0
BRH:0
end_of_record
TN:
SF:controllers\controller.js
FN:20,(anonymous_0)
FN:42,(anonymous_1)
FN:78,(anonymous_2)
FN:91,(anonymous_3)
FN:111,(anonymous_4)
FN:131,(anonymous_5)
FN:161,(anonymous_6)
FN:280,(anonymous_7)
FN:301,(anonymous_8)
FN:392,(anonymous_9)
FN:407,(anonymous_10)
FN:436,(anonymous_11)
FN:466,(anonymous_12)
FN:496,(anonymous_13)
FN:501,(anonymous_14)
FN:502,(anonymous_15)
FN:543,(anonymous_16)
FN:563,(anonymous_17)
FN:582,(anonymous_18)
FN:615,(anonymous_19)
FN:616,(anonymous_20)
FN:624,sortById
FN:625,(anonymous_22)
FN:645,(anonymous_23)
FN:686,(anonymous_24)
FN:731,(anonymous_25)
FNF:26
FNH:20
FNDA:8,(anonymous_0)
FNDA:6,(anonymous_1)
FNDA:1,(anonymous_2)
FNDA:1,(anonymous_3)
FNDA:3,(anonymous_4)
FNDA:2,(anonymous_5)
FNDA:1,(anonymous_6)
FNDA:7,(anonymous_7)
FNDA:1,(anonymous_8)
FNDA:1,(anonymous_9)
FNDA:1,(anonymous_10)
FNDA:2,(anonymous_11)
FNDA:2,(anonymous_12)
FNDA:2,(anonymous_13)
FNDA:2,(anonymous_14)
FNDA:4,(anonymous_15)
FNDA:1,(anonymous_16)
FNDA:2,(anonymous_17)
FNDA:1,(anonymous_18)
FNDA:2,(anonymous_19)
FNDA:0,(anonymous_20)
FNDA:0,sortById
FNDA:0,(anonymous_22)
FNDA:0,(anonymous_23)
FNDA:0,(anonymous_24)
FNDA:0,(anonymous_25)
DA:1,2
DA:2,2
DA:12,2
DA:13,2
DA:14,2
DA:15,2
DA:16,2
DA:17,2
DA:21,8
DA:22,8
DA:23,8
DA:30,1
DA:35,1
DA:37,7
DA:38,7
DA:43,6
DA:44,6
DA:45,6
DA:46,1
DA:48,5
DA:49,1
DA:52,4
DA:54,4
DA:55,1
DA:58,3
DA:59,3
DA:60,1
DA:62,2
DA:65,2
DA:67,2
DA:73,4
DA:74,4
DA:79,1
DA:80,1
DA:84,1
DA:86,0
DA:87,0
DA:92,1
DA:93,1
DA:95,1
DA:96,0
DA:97,0
DA:99,1
DA:101,1
DA:102,1
DA:104,1
DA:106,0
DA:107,0
DA:112,3
DA:113,3
DA:115,3
DA:119,1
DA:121,1
DA:126,2
DA:127,2
DA:132,2
DA:133,2
DA:135,2
DA:137,2
DA:147,2
DA:148,1
DA:149,1
DA:152,2
DA:154,2
DA:156,0
DA:157,0
DA:162,1
DA:163,1
DA:165,1
DA:173,1
DA:174,0
DA:177,1
DA:179,0
DA:180,0
DA:281,7
DA:282,7
DA:283,7
DA:288,1
DA:293,1
DA:294,1
DA:296,6
DA:297,6
DA:302,1
DA:303,1
DA:305,1
DA:306,0
DA:307,0
DA:309,1
DA:313,1
DA:314,1
DA:316,1
DA:318,0
DA:319,0
DA:393,1
DA:394,1
DA:400,1
DA:402,0
DA:403,0
DA:408,1
DA:409,1
DA:410,1
DA:422,1
DA:423,0
DA:425,1
DA:433,1
DA:434,1
DA:435,1
DA:436,1
DA:437,2
DA:438,0
DA:440,2
DA:441,0
DA:443,2
DA:444,0
DA:446,2
DA:452,2
DA:453,2
DA:454,2
DA:455,2
DA:456,2
DA:459,1
DA:466,1
DA:467,2
DA:468,0
DA:475,1
DA:482,1
DA:483,1
DA:494,1
DA:495,1
DA:496,1
DA:497,2
DA:498,2
DA:501,1
DA:502,2
DA:503,4
DA:504,2
DA:507,2
DA:509,1
DA:511,1
DA:518,1
DA:522,1
DA:533,1
DA:538,0
DA:539,0
DA:544,1
DA:545,1
DA:546,1
DA:553,1
DA:554,0
DA:557,1
DA:563,1
DA:564,2
DA:567,1
DA:569,1
DA:573,1
DA:577,0
DA:578,0
DA:583,1
DA:584,1
DA:585,1
DA:592,1
DA:593,0
DA:596,1
DA:597,1
DA:614,1
DA:615,1
DA:616,2
DA:617,0
DA:619,2
DA:620,2
DA:623,1
DA:625,0
DA:626,0
DA:627,0
DA:628,0
DA:629,0
DA:631,0
DA:635,0
DA:638,1
DA:640,0
DA:641,0
DA:646,0
DA:647,0
DA:648,0
DA:660,0
DA:665,0
DA:678,0
DA:679,0
DA:681,0
DA:682,0
DA:687,0
DA:688,0
DA:689,0
DA:696,0
DA:697,0
DA:698,0
DA:699,0
DA:705,0
DA:731,0
DA:737,0
DA:752,0
DA:753,0
DA:765,0
DA:766,0
DA:769,0
DA:776,0
DA:780,0
DA:782,0
DA:783,0
DA:790,0
DA:794,2
LF:211
LH:144
BRDA:45,0,0,1
BRDA:45,0,1,5
BRDA:48,1,0,1
BRDA:48,1,1,4
BRDA:54,2,0,1
BRDA:54,2,1,3
BRDA:59,3,0,1
BRDA:59,3,1,2
BRDA:95,4,0,0
BRDA:95,4,1,1
BRDA:135,5,0,2
BRDA:135,5,1,2
BRDA:147,6,0,1
BRDA:147,6,1,1
BRDA:173,7,0,0
BRDA:173,7,1,1
BRDA:305,8,0,0
BRDA:305,8,1,1
BRDA:422,9,0,0
BRDA:422,9,1,1
BRDA:437,10,0,0
BRDA:437,10,1,2
BRDA:440,11,0,0
BRDA:440,11,1,2
BRDA:443,12,0,0
BRDA:443,12,1,2
BRDA:467,13,0,0
BRDA:467,13,1,2
BRDA:503,14,0,2
BRDA:503,14,1,2
BRDA:553,15,0,0
BRDA:553,15,1,1
BRDA:592,16,0,0
BRDA:592,16,1,1
BRDA:623,17,0,0
BRDA:623,17,1,1
BRDA:626,18,0,0
BRDA:626,18,1,0
BRDA:628,19,0,0
BRDA:628,19,1,0
BRDA:696,20,0,0
BRDA:696,20,1,0
BRDA:698,21,0,0
BRDA:698,21,1,0
BRDA:782,22,0,0
BRDA:782,22,1,0
BRF:46
BRH:25
end_of_record
TN:
SF:helpers\bcryptjs.js
FN:3,(anonymous_0)
FN:4,(anonymous_1)
FNF:2
FNH:2
FNDA:5,(anonymous_0)
FNDA:3,(anonymous_1)
DA:1,2
DA:3,5
DA:4,3
DA:6,2
LF:4
LH:4
BRF:0
BRH:0
end_of_record
TN:
SF:helpers\jwt.js
FN:4,(anonymous_0)
FN:5,(anonymous_1)
FN:7,createTokenPdf
FNF:3
FNH:2
FNDA:10,(anonymous_0)
FNDA:2,(anonymous_1)
FNDA:0,createTokenPdf
DA:1,2
DA:2,2
DA:4,10
DA:5,2
DA:8,0
DA:11,0
DA:17,0
DA:19,0
DA:21,0
DA:25,2
LF:10
LH:5
BRF:0
BRH:0
end_of_record
TN:
SF:helpers\nodemailer.js
FN:3,sendEmailNodemailer
FNF:1
FNH:0
FNDA:0,sendEmailNodemailer
DA:1,2
DA:4,0
DA:5,0
DA:13,0
DA:19,0
DA:22,0
DA:26,2
LF:7
LH:2
BRF:0
BRH:0
end_of_record
TN:
SF:middlewares\authentication.js
FN:4,authentication
FNF:1
FNH:1
FNDA:11,authentication
DA:1,2
DA:2,2
DA:5,11
DA:6,11
DA:7,11
DA:8,1
DA:10,10
DA:12,6
DA:13,6
DA:14,0
DA:17,6
DA:22,6
DA:24,5
DA:25,5
DA:29,2
LF:15
LH:14
BRDA:7,0,0,1
BRDA:7,0,1,10
BRDA:13,1,0,0
BRDA:13,1,1,6
BRF:4
BRH:3
end_of_record
TN:
SF:middlewares\errorhandler.js
FN:1,errorHandler
FNF:1
FNH:1
FNDA:24,errorHandler
DA:2,24
DA:3,24
DA:7,24
DA:11,15
DA:12,15
DA:13,9
DA:14,2
DA:15,2
DA:16,7
DA:17,0
DA:18,0
DA:19,7
DA:23,5
DA:24,5
DA:25,2
DA:26,2
DA:27,2
DA:28,0
DA:29,0
DA:30,0
DA:31,0
DA:32,0
DA:33,0
DA:36,24
DA:39,2
LF:25
LH:17
BRDA:7,0,0,15
BRDA:7,0,1,9
BRDA:8,1,0,24
BRDA:8,1,1,9
BRDA:13,2,0,2
BRDA:13,2,1,7
BRDA:16,3,0,0
BRDA:16,3,1,7
BRDA:19,4,0,5
BRDA:19,4,1,2
BRDA:20,5,0,7
BRDA:20,5,1,6
BRDA:25,6,0,2
BRDA:25,6,1,0
BRDA:28,7,0,0
BRDA:28,7,1,0
BRDA:31,8,0,0
BRDA:31,8,1,0
BRF:18
BRH:12
end_of_record
TN:
SF:models\category.js
FN:3,(anonymous_0)
FN:10,(anonymous_1)
FNF:2
FNH:2
FNDA:2,(anonymous_0)
FNDA:2,(anonymous_1)
DA:2,2
DA:3,2
DA:12,2
DA:15,2
DA:35,2
LF:5
LH:5
BRF:0
BRH:0
end_of_record
TN:
SF:models\customer.js
FN:5,(anonymous_0)
FN:7,(anonymous_1)
FN:53,(anonymous_2)
FN:87,(anonymous_3)
FNF:4
FNH:4
FNDA:2,(anonymous_0)
FNDA:2,(anonymous_1)
FNDA:7,(anonymous_2)
FNDA:1,(anonymous_3)
DA:2,2
DA:3,2
DA:5,2
DA:8,2
DA:11,2
DA:54,7
DA:55,0
DA:88,1
DA:95,2
LF:9
LH:8
BRDA:54,0,0,0
BRDA:54,0,1,7
BRDA:54,1,0,7
BRDA:54,1,1,1
BRF:4
BRH:3
end_of_record
TN:
SF:models\index.js
FN:21,(anonymous_0)
FN:29,(anonymous_1)
FN:34,(anonymous_2)
FNF:3
FNH:3
FNDA:18,(anonymous_0)
FNDA:16,(anonymous_1)
FNDA:16,(anonymous_2)
DA:3,2
DA:4,2
DA:5,2
DA:6,2
DA:7,2
DA:8,2
DA:9,2
DA:10,2
DA:13,2
DA:14,0
DA:16,2
DA:19,2
DA:22,18
DA:30,16
DA:31,16
DA:34,2
DA:35,16
DA:36,16
DA:40,2
DA:41,2
DA:43,2
LF:21
LH:20
BRDA:8,0,0,2
BRDA:8,0,1,0
BRDA:13,1,0,0
BRDA:13,1,1,2
BRDA:23,2,0,18
BRDA:23,2,1,18
BRDA:23,2,2,16
BRDA:23,2,3,16
BRDA:35,3,0,16
BRDA:35,3,1,0
BRF:10
BRH:7
end_of_record
TN:
SF:models\notification.js
FN:5,(anonymous_0)
FN:8,(anonymous_1)
FNF:2
FNH:2
FNDA:2,(anonymous_0)
FNDA:2,(anonymous_1)
DA:4,2
DA:5,2
DA:12,2
DA:53,2
LF:4
LH:4
BRF:0
BRH:0
end_of_record
TN:
SF:models\order.js
FN:3,(anonymous_0)
FN:10,(anonymous_1)
FNF:2
FNH:2
FNDA:2,(anonymous_0)
FNDA:2,(anonymous_1)
DA:2,2
DA:3,2
DA:12,2
DA:13,2
DA:16,2
DA:32,2
LF:6
LH:6
BRF:0
BRH:0
end_of_record
TN:
SF:models\orderdetail.js
FN:5,(anonymous_0)
FN:7,(anonymous_1)
FNF:2
FNH:2
FNDA:2,(anonymous_0)
FNDA:2,(anonymous_1)
DA:4,2
DA:5,2
DA:8,2
DA:9,2
DA:10,2
DA:11,2
DA:14,2
DA:22,2
LF:8
LH:8
BRF:0
BRH:0
end_of_record
TN:
SF:models\orderhistory.js
FN:5,(anonymous_0)
FN:7,(anonymous_1)
FNF:2
FNH:2
FNDA:2,(anonymous_0)
FNDA:2,(anonymous_1)
DA:4,2
DA:5,2
DA:8,2
DA:11,2
DA:54,2
LF:5
LH:5
BRF:0
BRH:0
end_of_record
TN:
SF:models\qurban.js
FN:3,(anonymous_0)
FN:10,(anonymous_1)
FNF:2
FNH:2
FNDA:2,(anonymous_0)
FNDA:2,(anonymous_1)
DA:2,2
DA:3,2
DA:12,2
DA:13,2
DA:16,2
DA:141,2
LF:6
LH:6
BRF:0
BRH:0
end_of_record
TN:
SF:models\reforestationdonation.js
FN:5,(anonymous_0)
FN:7,(anonymous_1)
FNF:2
FNH:2
FNDA:2,(anonymous_0)
FNDA:2,(anonymous_1)
DA:4,2
DA:5,2
DA:8,2
DA:11,2
DA:19,2
LF:5
LH:5
BRF:0
BRH:0
end_of_record
TN:
SF:routes\index.js
FNF:0
FNH:0
DA:1,2
DA:2,2
DA:3,2
DA:9,2
DA:10,2
DA:11,2
DA:13,2
DA:14,2
DA:16,2
DA:20,2
DA:21,2
DA:29,2
DA:31,2
DA:33,2
DA:34,2
DA:35,2
DA:36,2
DA:37,2
DA:39,2
DA:41,2
LF:20
LH:20
BRF:0
BRH:0
end_of_record
