TN:
SF:app.js
FNF:0
FNH:0
DA:2,2
DA:3,2
DA:6,2
DA:7,2
DA:8,2
DA:9,2
DA:10,2
DA:11,2
DA:13,2
DA:14,2
DA:15,2
DA:16,2
DA:17,2
DA:23,2
LF:14
LH:14
BRDA:2,0,0,2
BRDA:2,0,1,0
BRDA:10,1,0,2
BRDA:10,1,1,2
BRF:4
BRH:3
end_of_record
TN:
SF:config\redis.js
FNF:0
FNH:0
DA:1,2
DA:3,2
DA:4,2
DA:6,2
LF:4
LH:4
BRF:0
BRH:0
end_of_record
TN:
SF:controllers\controller.js
FN:20,(anonymous_0)
FN:42,(anonymous_1)
FN:78,(anonymous_2)
FN:91,(anonymous_3)
FN:111,(anonymous_4)
FN:131,(anonymous_5)
FN:161,(anonymous_6)
FN:280,(anonymous_7)
FN:301,(anonymous_8)
FN:392,(anonymous_9)
FN:417,(anonymous_10)
FN:444,(anonymous_11)
FN:483,(anonymous_12)
FN:488,(anonymous_13)
FN:489,(anonymous_14)
FN:537,(anonymous_15)
FN:557,(anonymous_16)
FN:581,(anonymous_17)
FN:612,(anonymous_18)
FN:653,(anonymous_19)
FN:698,(anonymous_20)
FNF:21
FNH:6
FNDA:0,(anonymous_0)
FNDA:1,(anonymous_1)
FNDA:0,(anonymous_2)
FNDA:1,(anonymous_3)
FNDA:3,(anonymous_4)
FNDA:2,(anonymous_5)
FNDA:1,(anonymous_6)
FNDA:7,(anonymous_7)
FNDA:0,(anonymous_8)
FNDA:0,(anonymous_9)
FNDA:0,(anonymous_10)
FNDA:0,(anonymous_11)
FNDA:0,(anonymous_12)
FNDA:0,(anonymous_13)
FNDA:0,(anonymous_14)
FNDA:0,(anonymous_15)
FNDA:0,(anonymous_16)
FNDA:0,(anonymous_17)
FNDA:0,(anonymous_18)
FNDA:0,(anonymous_19)
FNDA:0,(anonymous_20)
DA:1,2
DA:2,2
DA:12,2
DA:13,2
DA:14,2
DA:15,2
DA:16,2
DA:17,2
DA:21,0
DA:22,0
DA:23,0
DA:30,0
DA:35,0
DA:37,0
DA:38,0
DA:43,1
DA:44,1
DA:45,1
DA:46,0
DA:48,1
DA:49,0
DA:52,1
DA:54,1
DA:55,1
DA:58,0
DA:59,0
DA:60,0
DA:62,0
DA:65,0
DA:67,0
DA:73,1
DA:74,1
DA:79,0
DA:80,0
DA:84,0
DA:86,0
DA:87,0
DA:92,1
DA:93,1
DA:95,1
DA:96,0
DA:97,0
DA:99,1
DA:101,1
DA:102,1
DA:104,1
DA:106,0
DA:107,0
DA:112,3
DA:113,3
DA:115,3
DA:119,1
DA:121,1
DA:126,2
DA:127,2
DA:132,2
DA:133,2
DA:135,2
DA:137,2
DA:147,2
DA:148,1
DA:149,1
DA:152,2
DA:154,2
DA:156,0
DA:157,0
DA:162,1
DA:163,1
DA:165,1
DA:173,1
DA:174,0
DA:177,1
DA:179,0
DA:180,0
DA:281,7
DA:282,7
DA:283,7
DA:288,1
DA:293,1
DA:294,1
DA:296,6
DA:297,6
DA:302,0
DA:303,0
DA:305,0
DA:306,0
DA:307,0
DA:309,0
DA:313,0
DA:314,0
DA:316,0
DA:318,0
DA:319,0
DA:393,0
DA:394,0
DA:396,0
DA:397,0
DA:398,0
DA:401,0
DA:407,0
DA:408,0
DA:410,0
DA:412,0
DA:413,0
DA:418,0
DA:419,0
DA:433,0
DA:441,0
DA:442,0
DA:443,0
DA:444,0
DA:445,0
DA:451,0
DA:452,0
DA:453,0
DA:454,0
DA:455,0
DA:458,0
DA:459,0
DA:462,0
DA:469,0
DA:470,0
DA:481,0
DA:482,0
DA:483,0
DA:484,0
DA:485,0
DA:488,0
DA:489,0
DA:490,0
DA:491,0
DA:494,0
DA:496,0
DA:498,0
DA:505,0
DA:509,0
DA:518,0
DA:524,0
DA:525,0
DA:527,0
DA:532,0
DA:533,0
DA:538,0
DA:539,0
DA:540,0
DA:547,0
DA:548,0
DA:551,0
DA:556,0
DA:557,0
DA:558,0
DA:561,0
DA:562,0
DA:567,0
DA:569,0
DA:570,0
DA:572,0
DA:576,0
DA:577,0
DA:582,0
DA:583,0
DA:584,0
DA:591,0
DA:592,0
DA:594,0
DA:595,0
DA:605,0
DA:607,0
DA:608,0
DA:613,0
DA:614,0
DA:615,0
DA:621,0
DA:622,0
DA:627,0
DA:632,0
DA:645,0
DA:646,0
DA:648,0
DA:649,0
DA:654,0
DA:655,0
DA:656,0
DA:663,0
DA:664,0
DA:665,0
DA:666,0
DA:672,0
DA:682,0
DA:690,0
DA:695,0
DA:696,0
DA:698,0
DA:704,0
DA:719,0
DA:720,0
DA:732,0
DA:733,0
DA:736,0
DA:743,0
DA:747,0
DA:749,0
DA:750,0
DA:757,0
DA:761,2
LF:205
LH:54
BRDA:45,0,0,0
BRDA:45,0,1,1
BRDA:48,1,0,0
BRDA:48,1,1,1
BRDA:54,2,0,1
BRDA:54,2,1,0
BRDA:59,3,0,0
BRDA:59,3,1,0
BRDA:95,4,0,0
BRDA:95,4,1,1
BRDA:135,5,0,2
BRDA:135,5,1,2
BRDA:147,6,0,1
BRDA:147,6,1,1
BRDA:173,7,0,0
BRDA:173,7,1,1
BRDA:305,8,0,0
BRDA:305,8,1,0
BRDA:396,9,0,0
BRDA:396,9,1,0
BRDA:458,10,0,0
BRDA:458,10,1,0
BRDA:490,11,0,0
BRDA:490,11,1,0
BRDA:547,12,0,0
BRDA:547,12,1,0
BRDA:591,13,0,0
BRDA:591,13,1,0
BRDA:621,14,0,0
BRDA:621,14,1,0
BRDA:663,15,0,0
BRDA:663,15,1,0
BRDA:665,16,0,0
BRDA:665,16,1,0
BRDA:749,17,0,0
BRDA:749,17,1,0
BRF:36
BRH:9
end_of_record
TN:
SF:helpers\bcryptjs.js
FN:3,(anonymous_0)
FN:4,(anonymous_1)
FNF:2
FNH:1
FNDA:4,(anonymous_0)
FNDA:0,(anonymous_1)
DA:1,2
DA:3,4
DA:4,2
DA:6,2
LF:4
LH:4
BRF:0
BRH:0
end_of_record
TN:
SF:helpers\jwt.js
FN:4,(anonymous_0)
FN:5,(anonymous_1)
FN:7,createTokenPdf
FNF:3
FNH:1
FNDA:2,(anonymous_0)
FNDA:0,(anonymous_1)
FNDA:0,createTokenPdf
DA:1,2
DA:2,2
DA:4,2
DA:5,2
DA:8,0
DA:11,0
DA:17,0
DA:19,0
DA:21,0
DA:25,2
LF:10
LH:5
BRF:0
BRH:0
end_of_record
TN:
SF:helpers\nodemailer.js
FN:3,sendEmailNodemailer
FNF:1
FNH:0
FNDA:0,sendEmailNodemailer
DA:1,2
DA:4,0
DA:5,0
DA:13,0
DA:19,0
DA:22,0
DA:26,2
LF:7
LH:2
BRF:0
BRH:0
end_of_record
TN:
SF:middlewares\authentication.js
FN:4,authentication
FNF:1
FNH:1
FNDA:3,authentication
DA:1,2
DA:2,2
DA:5,3
DA:6,3
DA:7,3
DA:8,1
DA:10,2
DA:12,0
DA:13,0
DA:14,0
DA:17,0
DA:22,0
DA:24,3
DA:25,3
DA:29,2
LF:15
LH:10
BRDA:7,0,0,1
BRDA:7,0,1,2
BRDA:13,1,0,0
BRDA:13,1,1,0
BRF:4
BRH:2
end_of_record
TN:
SF:middlewares\errorhandler.js
FN:1,errorHandler
FNF:1
FNH:1
FNDA:12,errorHandler
DA:2,12
DA:3,12
DA:5,12
DA:7,12
DA:8,8
DA:9,8
DA:10,4
DA:11,0
DA:12,0
DA:13,4
DA:14,0
DA:15,0
DA:16,4
DA:17,3
DA:18,3
DA:19,1
DA:20,1
DA:21,1
DA:22,0
DA:23,0
DA:24,0
DA:25,0
DA:26,0
DA:27,0
DA:30,12
DA:33,2
LF:26
LH:16
BRDA:7,0,0,8
BRDA:7,0,1,4
BRDA:7,1,0,12
BRDA:7,1,1,4
BRDA:10,2,0,0
BRDA:10,2,1,4
BRDA:13,3,0,0
BRDA:13,3,1,4
BRDA:16,4,0,3
BRDA:16,4,1,1
BRDA:16,5,0,4
BRDA:16,5,1,3
BRDA:19,6,0,1
BRDA:19,6,1,0
BRDA:22,7,0,0
BRDA:22,7,1,0
BRDA:25,8,0,0
BRDA:25,8,1,0
BRF:18
BRH:11
end_of_record
TN:
SF:models\category.js
FN:3,(anonymous_0)
FN:10,(anonymous_1)
FNF:2
FNH:2
FNDA:2,(anonymous_0)
FNDA:2,(anonymous_1)
DA:2,2
DA:3,2
DA:12,2
DA:15,2
DA:35,2
LF:5
LH:5
BRF:0
BRH:0
end_of_record
TN:
SF:models\customer.js
FN:5,(anonymous_0)
FN:7,(anonymous_1)
FN:53,(anonymous_2)
FN:87,(anonymous_3)
FNF:4
FNH:2
FNDA:2,(anonymous_0)
FNDA:2,(anonymous_1)
FNDA:0,(anonymous_2)
FNDA:0,(anonymous_3)
DA:2,2
DA:3,2
DA:5,2
DA:8,2
DA:11,2
DA:54,0
DA:55,0
DA:88,0
DA:95,2
LF:9
LH:6
BRDA:54,0,0,0
BRDA:54,0,1,0
BRDA:54,1,0,0
BRDA:54,1,1,0
BRF:4
BRH:0
end_of_record
TN:
SF:models\index.js
FN:21,(anonymous_0)
FN:29,(anonymous_1)
FN:34,(anonymous_2)
FNF:3
FNH:3
FNDA:18,(anonymous_0)
FNDA:16,(anonymous_1)
FNDA:16,(anonymous_2)
DA:3,2
DA:4,2
DA:5,2
DA:6,2
DA:7,2
DA:8,2
DA:9,2
DA:10,2
DA:13,2
DA:14,0
DA:16,2
DA:19,2
DA:22,18
DA:30,16
DA:31,16
DA:34,2
DA:35,16
DA:36,16
DA:40,2
DA:41,2
DA:43,2
LF:21
LH:20
BRDA:8,0,0,2
BRDA:8,0,1,0
BRDA:13,1,0,0
BRDA:13,1,1,2
BRDA:23,2,0,18
BRDA:23,2,1,18
BRDA:23,2,2,16
BRDA:23,2,3,16
BRDA:35,3,0,16
BRDA:35,3,1,0
BRF:10
BRH:7
end_of_record
TN:
SF:models\notification.js
FN:5,(anonymous_0)
FN:8,(anonymous_1)
FNF:2
FNH:2
FNDA:2,(anonymous_0)
FNDA:2,(anonymous_1)
DA:4,2
DA:5,2
DA:12,2
DA:53,2
LF:4
LH:4
BRF:0
BRH:0
end_of_record
TN:
SF:models\order.js
FN:3,(anonymous_0)
FN:10,(anonymous_1)
FNF:2
FNH:2
FNDA:2,(anonymous_0)
FNDA:2,(anonymous_1)
DA:2,2
DA:3,2
DA:12,2
DA:13,2
DA:16,2
DA:32,2
LF:6
LH:6
BRF:0
BRH:0
end_of_record
TN:
SF:models\orderdetail.js
FN:5,(anonymous_0)
FN:7,(anonymous_1)
FNF:2
FNH:2
FNDA:2,(anonymous_0)
FNDA:2,(anonymous_1)
DA:4,2
DA:5,2
DA:8,2
DA:9,2
DA:10,2
DA:11,2
DA:14,2
DA:33,2
LF:8
LH:8
BRF:0
BRH:0
end_of_record
TN:
SF:models\orderhistory.js
FN:5,(anonymous_0)
FN:7,(anonymous_1)
FNF:2
FNH:2
FNDA:2,(anonymous_0)
FNDA:2,(anonymous_1)
DA:4,2
DA:5,2
DA:8,2
DA:11,2
DA:54,2
LF:5
LH:5
BRF:0
BRH:0
end_of_record
TN:
SF:models\qurban.js
FN:3,(anonymous_0)
FN:10,(anonymous_1)
FNF:2
FNH:2
FNDA:2,(anonymous_0)
FNDA:2,(anonymous_1)
DA:2,2
DA:3,2
DA:12,2
DA:13,2
DA:16,2
DA:141,2
LF:6
LH:6
BRF:0
BRH:0
end_of_record
TN:
SF:models\reforestationdonation.js
FN:5,(anonymous_0)
FN:7,(anonymous_1)
FNF:2
FNH:2
FNDA:2,(anonymous_0)
FNDA:2,(anonymous_1)
DA:4,2
DA:5,2
DA:8,2
DA:11,2
DA:30,2
LF:5
LH:5
BRF:0
BRH:0
end_of_record
TN:
SF:routes\index.js
FNF:0
FNH:0
DA:1,2
DA:2,2
DA:3,2
DA:9,2
DA:10,2
DA:11,2
DA:13,2
DA:14,2
DA:16,2
DA:20,2
DA:21,2
DA:28,2
DA:30,2
DA:34,2
DA:35,2
DA:36,2
DA:37,2
DA:38,2
DA:40,2
DA:42,2
LF:20
LH:20
BRF:0
BRH:0
end_of_record
